[debug] [2023-11-01T07:49:20.116Z] ----------------------------------------------------------------------
[debug] [2023-11-01T07:49:20.118Z] Command:       /usr/local/Cellar/node@18/18.16.1_1/bin/node /usr/local/bin/firebase deploy --only functions
[debug] [2023-11-01T07:49:20.119Z] CLI Version:   12.7.0
[debug] [2023-11-01T07:49:20.119Z] Platform:      darwin
[debug] [2023-11-01T07:49:20.119Z] Node Version:  v18.16.1
[debug] [2023-11-01T07:49:20.121Z] Time:          Wed Nov 01 2023 08:49:20 GMT+0100 (Central European Standard Time)
[debug] [2023-11-01T07:49:20.121Z] ----------------------------------------------------------------------
[debug] 
[debug] [2023-11-01T07:49:20.203Z] > command requires scopes: ["email","openid","https://www.googleapis.com/auth/cloudplatformprojects.readonly","https://www.googleapis.com/auth/firebase","https://www.googleapis.com/auth/cloud-platform"]
[debug] [2023-11-01T07:49:20.204Z] > authorizing via signed-in user (vlady.dev127@gmail.com)
[debug] [2023-11-01T07:49:20.204Z] [iam] checking project coflow-v1 for permissions ["cloudfunctions.functions.create","cloudfunctions.functions.delete","cloudfunctions.functions.get","cloudfunctions.functions.list","cloudfunctions.functions.update","cloudfunctions.operations.get","firebase.projects.get"]
[debug] [2023-11-01T07:49:20.212Z] >>> [apiv2][query] POST https://cloudresourcemanager.googleapis.com/v1/projects/coflow-v1:testIamPermissions [none]
[debug] [2023-11-01T07:49:20.213Z] >>> [apiv2][(partial)header] POST https://cloudresourcemanager.googleapis.com/v1/projects/coflow-v1:testIamPermissions x-goog-quota-user=projects/coflow-v1
[debug] [2023-11-01T07:49:20.213Z] >>> [apiv2][body] POST https://cloudresourcemanager.googleapis.com/v1/projects/coflow-v1:testIamPermissions {"permissions":["cloudfunctions.functions.create","cloudfunctions.functions.delete","cloudfunctions.functions.get","cloudfunctions.functions.list","cloudfunctions.functions.update","cloudfunctions.operations.get","firebase.projects.get"]}
[debug] [2023-11-01T07:49:21.213Z] <<< [apiv2][status] POST https://cloudresourcemanager.googleapis.com/v1/projects/coflow-v1:testIamPermissions 200
[debug] [2023-11-01T07:49:21.213Z] <<< [apiv2][body] POST https://cloudresourcemanager.googleapis.com/v1/projects/coflow-v1:testIamPermissions {"permissions":["cloudfunctions.functions.create","cloudfunctions.functions.delete","cloudfunctions.functions.get","cloudfunctions.functions.list","cloudfunctions.functions.update","cloudfunctions.operations.get","firebase.projects.get"]}
[debug] [2023-11-01T07:49:21.214Z] >>> [apiv2][query] POST https://iam.googleapis.com/v1/projects/coflow-v1/serviceAccounts/coflow-v1@appspot.gserviceaccount.com:testIamPermissions [none]
[debug] [2023-11-01T07:49:21.214Z] >>> [apiv2][body] POST https://iam.googleapis.com/v1/projects/coflow-v1/serviceAccounts/coflow-v1@appspot.gserviceaccount.com:testIamPermissions {"permissions":["iam.serviceAccounts.actAs"]}
[debug] [2023-11-01T07:49:22.469Z] <<< [apiv2][status] POST https://iam.googleapis.com/v1/projects/coflow-v1/serviceAccounts/coflow-v1@appspot.gserviceaccount.com:testIamPermissions 200
[debug] [2023-11-01T07:49:22.469Z] <<< [apiv2][body] POST https://iam.googleapis.com/v1/projects/coflow-v1/serviceAccounts/coflow-v1@appspot.gserviceaccount.com:testIamPermissions {"permissions":["iam.serviceAccounts.actAs"]}
[info] 
[info] === Deploying to 'coflow-v1'...
[info] 
[info] i  deploying functions 
[info] Running command: npm --prefix "$RESOURCE_DIR" run lint
[info] ✔  functions: Finished running predeploy script. 
[debug] [2023-11-01T07:49:28.242Z] >>> [apiv2][query] GET https://firebase.googleapis.com/v1beta1/projects/coflow-v1 [none]
[debug] [2023-11-01T07:49:29.497Z] <<< [apiv2][status] GET https://firebase.googleapis.com/v1beta1/projects/coflow-v1 200
[debug] [2023-11-01T07:49:29.498Z] <<< [apiv2][body] GET https://firebase.googleapis.com/v1beta1/projects/coflow-v1 {"projectId":"coflow-v1","projectNumber":"67027572033","displayName":"Coflow V1","name":"projects/coflow-v1","resources":{"hostingSite":"coflow-v1","realtimeDatabaseInstance":"coflow-v1-default-rtdb"},"state":"ACTIVE","etag":"1_54bd5ae2-c322-47c2-a392-e2e82ef3c518"}
[info] i  functions: preparing codebase default for deployment 
[info] i  functions: ensuring required API cloudfunctions.googleapis.com is enabled... 
[info] i  functions: ensuring required API cloudbuild.googleapis.com is enabled... 
[info] i  artifactregistry: ensuring required API artifactregistry.googleapis.com is enabled... 
[debug] [2023-11-01T07:49:29.500Z] >>> [apiv2][query] GET https://serviceusage.googleapis.com/v1/projects/coflow-v1/services/cloudfunctions.googleapis.com [none]
[debug] [2023-11-01T07:49:29.500Z] >>> [apiv2][(partial)header] GET https://serviceusage.googleapis.com/v1/projects/coflow-v1/services/cloudfunctions.googleapis.com x-goog-quota-user=projects/coflow-v1
[debug] [2023-11-01T07:49:29.501Z] >>> [apiv2][query] GET https://serviceusage.googleapis.com/v1/projects/coflow-v1/services/runtimeconfig.googleapis.com [none]
[debug] [2023-11-01T07:49:29.501Z] >>> [apiv2][(partial)header] GET https://serviceusage.googleapis.com/v1/projects/coflow-v1/services/runtimeconfig.googleapis.com x-goog-quota-user=projects/coflow-v1
[debug] [2023-11-01T07:49:29.503Z] >>> [apiv2][query] GET https://serviceusage.googleapis.com/v1/projects/coflow-v1/services/cloudbuild.googleapis.com [none]
[debug] [2023-11-01T07:49:29.503Z] >>> [apiv2][(partial)header] GET https://serviceusage.googleapis.com/v1/projects/coflow-v1/services/cloudbuild.googleapis.com x-goog-quota-user=projects/coflow-v1
[debug] [2023-11-01T07:49:29.504Z] >>> [apiv2][query] GET https://serviceusage.googleapis.com/v1/projects/coflow-v1/services/artifactregistry.googleapis.com [none]
[debug] [2023-11-01T07:49:29.504Z] >>> [apiv2][(partial)header] GET https://serviceusage.googleapis.com/v1/projects/coflow-v1/services/artifactregistry.googleapis.com x-goog-quota-user=projects/coflow-v1
[debug] [2023-11-01T07:49:30.844Z] <<< [apiv2][status] GET https://serviceusage.googleapis.com/v1/projects/coflow-v1/services/cloudbuild.googleapis.com 200
[debug] [2023-11-01T07:49:30.844Z] <<< [apiv2][body] GET https://serviceusage.googleapis.com/v1/projects/coflow-v1/services/cloudbuild.googleapis.com [omitted]
[info] ✔  functions: required API cloudbuild.googleapis.com is enabled 
[debug] [2023-11-01T07:49:30.846Z] <<< [apiv2][status] GET https://serviceusage.googleapis.com/v1/projects/coflow-v1/services/artifactregistry.googleapis.com 200
[debug] [2023-11-01T07:49:30.846Z] <<< [apiv2][body] GET https://serviceusage.googleapis.com/v1/projects/coflow-v1/services/artifactregistry.googleapis.com [omitted]
[info] ✔  artifactregistry: required API artifactregistry.googleapis.com is enabled 
[debug] [2023-11-01T07:49:30.901Z] <<< [apiv2][status] GET https://serviceusage.googleapis.com/v1/projects/coflow-v1/services/cloudfunctions.googleapis.com 200
[debug] [2023-11-01T07:49:30.902Z] <<< [apiv2][body] GET https://serviceusage.googleapis.com/v1/projects/coflow-v1/services/cloudfunctions.googleapis.com [omitted]
[info] ✔  functions: required API cloudfunctions.googleapis.com is enabled 
[debug] [2023-11-01T07:49:30.922Z] <<< [apiv2][status] GET https://serviceusage.googleapis.com/v1/projects/coflow-v1/services/runtimeconfig.googleapis.com 200
[debug] [2023-11-01T07:49:30.923Z] <<< [apiv2][body] GET https://serviceusage.googleapis.com/v1/projects/coflow-v1/services/runtimeconfig.googleapis.com [omitted]
[debug] [2023-11-01T07:49:30.923Z] >>> [apiv2][query] GET https://firebase.googleapis.com/v1beta1/projects/coflow-v1/adminSdkConfig [none]
[debug] [2023-11-01T07:49:32.476Z] <<< [apiv2][status] GET https://firebase.googleapis.com/v1beta1/projects/coflow-v1/adminSdkConfig 200
[debug] [2023-11-01T07:49:32.476Z] <<< [apiv2][body] GET https://firebase.googleapis.com/v1beta1/projects/coflow-v1/adminSdkConfig {"projectId":"coflow-v1","databaseURL":"https://coflow-v1-default-rtdb.europe-west1.firebasedatabase.app","storageBucket":"coflow-v1.appspot.com"}
[debug] [2023-11-01T07:49:32.476Z] >>> [apiv2][query] GET https://runtimeconfig.googleapis.com/v1beta1/projects/coflow-v1/configs [none]
[debug] [2023-11-01T07:49:33.754Z] <<< [apiv2][status] GET https://runtimeconfig.googleapis.com/v1beta1/projects/coflow-v1/configs 200
[debug] [2023-11-01T07:49:33.754Z] <<< [apiv2][body] GET https://runtimeconfig.googleapis.com/v1beta1/projects/coflow-v1/configs {}
[debug] [2023-11-01T07:49:33.755Z] Validating nodejs source
[debug] [2023-11-01T07:49:36.076Z] > [functions] package.json contents: {
  "name": "functions",
  "description": "Cloud Functions for Firebase",
  "scripts": {
    "lint": "eslint .",
    "serve": "firebase emulators:start --only functions",
    "shell": "firebase functions:shell",
    "start": "npm run shell",
    "deploy": "firebase deploy --only functions",
    "logs": "firebase functions:log"
  },
  "engines": {
    "node": "18"
  },
  "main": "index.js",
  "dependencies": {
    "firebase-admin": "^11.8.0",
    "firebase-functions": "^4.3.1",
    "got": "^11.1.4",
    "voucher-code-generator": "^1.3.0"
  },
  "devDependencies": {
    "eslint": "^8.15.0",
    "eslint-config-google": "^0.14.0",
    "firebase-functions-test": "^3.1.0"
  },
  "private": true
}
[debug] [2023-11-01T07:49:36.076Z] Building nodejs source
[info] i  functions: Loading and analyzing source code for codebase default to determine what to deploy 
[debug] [2023-11-01T07:49:36.077Z] Could not find functions.yaml. Must use http discovery
[debug] [2023-11-01T07:49:36.085Z] Found firebase-functions binary at '/Volumes/Work/projects/coflow-app/nextjs/functions/node_modules/.bin/firebase-functions'
[info] Serving at port 8063

[info] ===== API_ACCESS_TOKEN:  undefined

[debug] [2023-11-01T07:49:36.701Z] Got response from /__/functions.yaml {"endpoints":{"handleShopifyCheckoutSuccess":{"platform":"gcfv1","availableMemoryMb":null,"timeoutSeconds":null,"minInstances":null,"maxInstances":null,"ingressSettings":null,"serviceAccountEmail":null,"vpc":null,"httpsTrigger":{},"entryPoint":"handleShopifyCheckoutSuccess"},"checkRewards":{"availableMemoryMb":null,"timeoutSeconds":null,"minInstances":null,"maxInstances":null,"ingressSettings":null,"concurrency":null,"serviceAccountEmail":null,"vpc":null,"platform":"gcfv2","labels":{},"scheduleTrigger":{"schedule":"every day 00:00","retryConfig":{"retryCount":null,"maxDoublings":null,"maxRetrySeconds":null,"minBackoffSeconds":null,"maxBackoffSeconds":null},"timeZone":null},"entryPoint":"checkRewards"},"getProductList":{"platform":"gcfv1","availableMemoryMb":null,"timeoutSeconds":null,"minInstances":null,"maxInstances":null,"ingressSettings":null,"serviceAccountEmail":null,"vpc":null,"httpsTrigger":{},"entryPoint":"getProductList"},"getProduct":{"platform":"gcfv1","availableMemoryMb":null,"timeoutSeconds":null,"minInstances":null,"maxInstances":null,"ingressSettings":null,"serviceAccountEmail":null,"vpc":null,"httpsTrigger":{},"entryPoint":"getProduct"},"createCheckout":{"platform":"gcfv1","labels":{},"availableMemoryMb":null,"timeoutSeconds":null,"minInstances":null,"maxInstances":null,"ingressSettings":null,"serviceAccountEmail":null,"vpc":null,"callableTrigger":{},"entryPoint":"createCheckout"},"getCheckout":{"platform":"gcfv1","availableMemoryMb":null,"timeoutSeconds":null,"minInstances":null,"maxInstances":null,"ingressSettings":null,"serviceAccountEmail":null,"vpc":null,"httpsTrigger":{},"entryPoint":"getCheckout"},"testRewards":{"platform":"gcfv1","availableMemoryMb":null,"timeoutSeconds":null,"minInstances":null,"maxInstances":null,"ingressSettings":null,"serviceAccountEmail":null,"vpc":null,"httpsTrigger":{},"entryPoint":"testRewards"}},"specVersion":"v1alpha1","requiredAPIs":[{"api":"cloudscheduler.googleapis.com","reason":"Needed for scheduled functions."}]}
[info] shutdown requested via /__/quitquitquit

[info] i  functions: Loaded environment variables from .env, .env.coflow-v1. 
[info] i  functions: preparing functions directory for uploading... 
[info] i  functions: packaged /Volumes/Work/projects/coflow-app/nextjs/functions (63.85 KB) for uploading 
[info] i  functions: packaged /Volumes/Work/projects/coflow-app/nextjs/functions (64.1 KB) for uploading 
[debug] [2023-11-01T07:49:36.807Z] >>> [apiv2][query] GET https://cloudfunctions.googleapis.com/v1/projects/coflow-v1/locations/-/functions [none]
[debug] [2023-11-01T07:49:38.027Z] <<< [apiv2][status] GET https://cloudfunctions.googleapis.com/v1/projects/coflow-v1/locations/-/functions 200
[debug] [2023-11-01T07:49:38.027Z] <<< [apiv2][body] GET https://cloudfunctions.googleapis.com/v1/projects/coflow-v1/locations/-/functions {"functions":[{"name":"projects/coflow-v1/locations/us-central1/functions/createCheckout","httpsTrigger":{"url":"https://us-central1-coflow-v1.cloudfunctions.net/createCheckout","securityLevel":"SECURE_ALWAYS"},"status":"ACTIVE","entryPoint":"createCheckout","timeout":"60s","availableMemoryMb":256,"serviceAccountEmail":"coflow-v1@appspot.gserviceaccount.com","updateTime":"2023-11-01T07:45:53.349Z","versionId":"3","labels":{"deployment-tool":"cli-firebase","deployment-callable":"true","firebase-functions-hash":"4894479f03fc59b73af25b310b7ea2654fdf17e9"},"sourceUploadUrl":"https://storage.googleapis.com/uploads-342308415185.us-central1.cloudfunctions.appspot.com/3a5df17f-c437-4d1c-a562-e703047667b7.zip","environmentVariables":{"API_ACCESS_TOKEN":"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","FIREBASE_CONFIG":"{\"projectId\":\"coflow-v1\",\"databaseURL\":\"https://coflow-v1-default-rtdb.europe-west1.firebasedatabase.app\",\"storageBucket\":\"coflow-v1.appspot.com\"}","GCLOUD_PROJECT":"coflow-v1","EVENTARC_CLOUD_EVENT_SOURCE":"projects/coflow-v1/locations/us-central1/functions/createCheckout"},"runtime":"nodejs18","ingressSettings":"ALLOW_ALL","buildId":"48be63b2-eadb-4bdf-9642-cfdd86e1d0fc","buildEnvironmentVariables":{"GOOGLE_NODE_RUN_SCRIPTS":""},"buildName":"projects/67027572033/locations/us-central1/builds/48be63b2-eadb-4bdf-9642-cfdd86e1d0fc","dockerRegistry":"ARTIFACT_REGISTRY"},{"name":"projects/coflow-v1/locations/us-central1/functions/getCheckout","httpsTrigger":{"url":"https://us-central1-coflow-v1.cloudfunctions.net/getCheckout","securityLevel":"SECURE_ALWAYS"},"status":"ACTIVE","entryPoint":"getCheckout","timeout":"60s","availableMemoryMb":256,"serviceAccountEmail":"coflow-v1@appspot.gserviceaccount.com","updateTime":"2023-11-01T07:45:56.354Z","versionId":"3","labels":{"deployment-tool":"cli-firebase","firebase-functions-hash":"4894479f03fc59b73af25b310b7ea2654fdf17e9"},"sourceUploadUrl":"https://storage.googleapis.com/uploads-342308415185.us-central1.cloudfunctions.appspot.com/3a5df17f-c437-4d1c-a562-e703047667b7.zip","environmentVariables":{"API_ACCESS_TOKEN":"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","FIREBASE_CONFIG":"{\"projectId\":\"coflow-v1\",\"databaseURL\":\"https://coflow-v1-default-rtdb.europe-west1.firebasedatabase.app\",\"storageBucket\":\"coflow-v1.appspot.com\"}","GCLOUD_PROJECT":"coflow-v1","EVENTARC_CLOUD_EVENT_SOURCE":"projects/coflow-v1/locations/us-central1/functions/getCheckout"},"runtime":"nodejs18","ingressSettings":"ALLOW_ALL","buildId":"48be63b2-eadb-4bdf-9642-cfdd86e1d0fc","buildEnvironmentVariables":{"GOOGLE_NODE_RUN_SCRIPTS":""},"buildName":"projects/67027572033/locations/us-central1/builds/48be63b2-eadb-4bdf-9642-cfdd86e1d0fc","dockerRegistry":"ARTIFACT_REGISTRY"},{"name":"projects/coflow-v1/locations/us-central1/functions/getProduct","httpsTrigger":{"url":"https://us-central1-coflow-v1.cloudfunctions.net/getProduct","securityLevel":"SECURE_ALWAYS"},"status":"ACTIVE","entryPoint":"getProduct","timeout":"60s","availableMemoryMb":256,"serviceAccountEmail":"coflow-v1@appspot.gserviceaccount.com","updateTime":"2023-11-01T07:45:49.596Z","versionId":"3","labels":{"deployment-tool":"cli-firebase","firebase-functions-hash":"4894479f03fc59b73af25b310b7ea2654fdf17e9"},"sourceUploadUrl":"https://storage.googleapis.com/uploads-342308415185.us-central1.cloudfunctions.appspot.com/3a5df17f-c437-4d1c-a562-e703047667b7.zip","environmentVariables":{"API_ACCESS_TOKEN":"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","FIREBASE_CONFIG":"{\"projectId\":\"coflow-v1\",\"databaseURL\":\"https://coflow-v1-default-rtdb.europe-west1.firebasedatabase.app\",\"storageBucket\":\"coflow-v1.appspot.com\"}","GCLOUD_PROJECT":"coflow-v1","EVENTARC_CLOUD_EVENT_SOURCE":"projects/coflow-v1/locations/us-central1/functions/getProduct"},"runtime":"nodejs18","ingressSettings":"ALLOW_ALL","buildId":"48be63b2-eadb-4bdf-9642-cfdd86e1d0fc","buildEnvironmentVariables":{"GOOGLE_NODE_RUN_SCRIPTS":""},"buildName":"projects/67027572033/locations/us-central1/builds/48be63b2-eadb-4bdf-9642-cfdd86e1d0fc","dockerRegistry":"ARTIFACT_REGISTRY"},{"name":"projects/coflow-v1/locations/us-central1/functions/getProductList","httpsTrigger":{"url":"https://us-central1-coflow-v1.cloudfunctions.net/getProductList","securityLevel":"SECURE_ALWAYS"},"status":"ACTIVE","entryPoint":"getProductList","timeout":"60s","availableMemoryMb":256,"serviceAccountEmail":"coflow-v1@appspot.gserviceaccount.com","updateTime":"2023-11-01T07:45:49.134Z","versionId":"3","labels":{"deployment-tool":"cli-firebase","firebase-functions-hash":"4894479f03fc59b73af25b310b7ea2654fdf17e9"},"sourceUploadUrl":"https://storage.googleapis.com/uploads-342308415185.us-central1.cloudfunctions.appspot.com/3a5df17f-c437-4d1c-a562-e703047667b7.zip","environmentVariables":{"API_ACCESS_TOKEN":"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","FIREBASE_CONFIG":"{\"projectId\":\"coflow-v1\",\"databaseURL\":\"https://coflow-v1-default-rtdb.europe-west1.firebasedatabase.app\",\"storageBucket\":\"coflow-v1.appspot.com\"}","GCLOUD_PROJECT":"coflow-v1","EVENTARC_CLOUD_EVENT_SOURCE":"projects/coflow-v1/locations/us-central1/functions/getProductList"},"runtime":"nodejs18","ingressSettings":"ALLOW_ALL","buildId":"48be63b2-eadb-4bdf-9642-cfdd86e1d0fc","buildEnvironmentVariables":{"GOOGLE_NODE_RUN_SCRIPTS":""},"buildName":"projects/67027572033/locations/us-central1/builds/48be63b2-eadb-4bdf-9642-cfdd86e1d0fc","dockerRegistry":"ARTIFACT_REGISTRY"},{"name":"projects/coflow-v1/locations/us-central1/functions/handleShopifyCheckoutSuccess","httpsTrigger":{"url":"https://us-central1-coflow-v1.cloudfunctions.net/handleShopifyCheckoutSuccess","securityLevel":"SECURE_ALWAYS"},"status":"ACTIVE","entryPoint":"handleShopifyCheckoutSuccess","timeout":"60s","availableMemoryMb":256,"serviceAccountEmail":"coflow-v1@appspot.gserviceaccount.com","updateTime":"2023-11-01T07:45:46.531Z","versionId":"4","labels":{"deployment-tool":"cli-firebase","firebase-functions-hash":"4894479f03fc59b73af25b310b7ea2654fdf17e9"},"sourceUploadUrl":"https://storage.googleapis.com/uploads-342308415185.us-central1.cloudfunctions.appspot.com/3a5df17f-c437-4d1c-a562-e703047667b7.zip","environmentVariables":{"API_ACCESS_TOKEN":"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","FIREBASE_CONFIG":"{\"projectId\":\"coflow-v1\",\"databaseURL\":\"https://coflow-v1-default-rtdb.europe-west1.firebasedatabase.app\",\"storageBucket\":\"coflow-v1.appspot.com\"}","GCLOUD_PROJECT":"coflow-v1","EVENTARC_CLOUD_EVENT_SOURCE":"projects/coflow-v1/locations/us-central1/functions/handleShopifyCheckoutSuccess"},"runtime":"nodejs18","ingressSettings":"ALLOW_ALL","buildId":"48be63b2-eadb-4bdf-9642-cfdd86e1d0fc","buildEnvironmentVariables":{"GOOGLE_NODE_RUN_SCRIPTS":""},"buildName":"projects/67027572033/locations/us-central1/builds/48be63b2-eadb-4bdf-9642-cfdd86e1d0fc","dockerRegistry":"ARTIFACT_REGISTRY"},{"name":"projects/coflow-v1/locations/us-central1/functions/testRewards","httpsTrigger":{"url":"https://us-central1-coflow-v1.cloudfunctions.net/testRewards","securityLevel":"SECURE_ALWAYS"},"status":"ACTIVE","entryPoint":"testRewards","timeout":"60s","availableMemoryMb":256,"serviceAccountEmail":"coflow-v1@appspot.gserviceaccount.com","updateTime":"2023-11-01T07:45:57.181Z","versionId":"3","labels":{"deployment-tool":"cli-firebase","firebase-functions-hash":"4894479f03fc59b73af25b310b7ea2654fdf17e9"},"sourceUploadUrl":"https://storage.googleapis.com/uploads-342308415185.us-central1.cloudfunctions.appspot.com/3a5df17f-c437-4d1c-a562-e703047667b7.zip","environmentVariables":{"API_ACCESS_TOKEN":"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","FIREBASE_CONFIG":"{\"projectId\":\"coflow-v1\",\"databaseURL\":\"https://coflow-v1-default-rtdb.europe-west1.firebasedatabase.app\",\"storageBucket\":\"coflow-v1.appspot.com\"}","GCLOUD_PROJECT":"coflow-v1","EVENTARC_CLOUD_EVENT_SOURCE":"projects/coflow-v1/locations/us-central1/functions/testRewards"},"runtime":"nodejs18","ingressSettings":"ALLOW_ALL","buildId":"48be63b2-eadb-4bdf-9642-cfdd86e1d0fc","buildEnvironmentVariables":{"GOOGLE_NODE_RUN_SCRIPTS":""},"buildName":"projects/67027572033/locations/us-central1/builds/48be63b2-eadb-4bdf-9642-cfdd86e1d0fc","dockerRegistry":"ARTIFACT_REGISTRY"}]}
[debug] [2023-11-01T07:49:38.028Z] >>> [apiv2][query] GET https://cloudfunctions.googleapis.com/v2/projects/coflow-v1/locations/-/functions filter=environment%3D%22GEN_2%22
[debug] [2023-11-01T07:49:39.284Z] <<< [apiv2][status] GET https://cloudfunctions.googleapis.com/v2/projects/coflow-v1/locations/-/functions 200
[debug] [2023-11-01T07:49:39.284Z] <<< [apiv2][body] GET https://cloudfunctions.googleapis.com/v2/projects/coflow-v1/locations/-/functions {"functions":[{"name":"projects/coflow-v1/locations/us-central1/functions/checkRewards","buildConfig":{"build":"projects/67027572033/locations/us-central1/builds/f5e38e52-1768-4c1d-b90c-10d02150a022","runtime":"nodejs18","entryPoint":"checkRewards","source":{"storageSource":{"bucket":"gcf-v2-sources-67027572033-us-central1","object":"checkRewards/function-source.zip","generation":"1698824683908934"}},"environmentVariables":{"GOOGLE_NODE_RUN_SCRIPTS":""},"sourceProvenance":{"resolvedStorageSource":{"bucket":"gcf-v2-sources-67027572033-us-central1","object":"checkRewards/function-source.zip","generation":"1698824683908934"}},"dockerRegistry":"ARTIFACT_REGISTRY"},"serviceConfig":{"service":"projects/coflow-v1/locations/us-central1/services/checkrewards","timeoutSeconds":60,"environmentVariables":{"API_ACCESS_TOKEN":"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","FIREBASE_CONFIG":"{\"projectId\":\"coflow-v1\",\"databaseURL\":\"https://coflow-v1-default-rtdb.europe-west1.firebasedatabase.app\",\"storageBucket\":\"coflow-v1.appspot.com\"}","GCLOUD_PROJECT":"coflow-v1","EVENTARC_CLOUD_EVENT_SOURCE":"projects/coflow-v1/locations/us-central1/services/checkRewards","FUNCTION_TARGET":"checkRewards"},"maxInstanceCount":100,"ingressSettings":"ALLOW_ALL","uri":"https://checkrewards-apnaugcgma-uc.a.run.app","serviceAccountEmail":"67027572033-compute@developer.gserviceaccount.com","availableMemory":"256Mi","allTrafficOnLatestRevision":true,"revision":"checkrewards-00003-vix","maxInstanceRequestConcurrency":80,"availableCpu":"1"},"state":"ACTIVE","updateTime":"2023-11-01T07:45:41.180250944Z","labels":{"deployment-tool":"cli-firebase","deployment-scheduled":"true","firebase-functions-hash":"6e3f92d47b15d3910c556284b54c757032dd0fbf"},"environment":"GEN_2","url":"https://us-central1-coflow-v1.cloudfunctions.net/checkRewards"}]}
[info] i  functions: ensuring required API cloudscheduler.googleapis.com is enabled... 
[debug] [2023-11-01T07:49:39.287Z] >>> [apiv2][query] GET https://serviceusage.googleapis.com/v1/projects/coflow-v1/services/cloudscheduler.googleapis.com [none]
[debug] [2023-11-01T07:49:39.287Z] >>> [apiv2][(partial)header] GET https://serviceusage.googleapis.com/v1/projects/coflow-v1/services/cloudscheduler.googleapis.com x-goog-quota-user=projects/coflow-v1
[debug] [2023-11-01T07:49:40.333Z] <<< [apiv2][status] GET https://serviceusage.googleapis.com/v1/projects/coflow-v1/services/cloudscheduler.googleapis.com 200
[debug] [2023-11-01T07:49:40.333Z] <<< [apiv2][body] GET https://serviceusage.googleapis.com/v1/projects/coflow-v1/services/cloudscheduler.googleapis.com [omitted]
[info] ✔  functions: required API cloudscheduler.googleapis.com is enabled 
[info] i  functions: ensuring required API run.googleapis.com is enabled... 
[info] i  functions: ensuring required API eventarc.googleapis.com is enabled... 
[info] i  functions: ensuring required API pubsub.googleapis.com is enabled... 
[info] i  functions: ensuring required API storage.googleapis.com is enabled... 
[debug] [2023-11-01T07:49:40.334Z] >>> [apiv2][query] GET https://serviceusage.googleapis.com/v1/projects/coflow-v1/services/run.googleapis.com [none]
[debug] [2023-11-01T07:49:40.334Z] >>> [apiv2][(partial)header] GET https://serviceusage.googleapis.com/v1/projects/coflow-v1/services/run.googleapis.com x-goog-quota-user=projects/coflow-v1
[debug] [2023-11-01T07:49:40.336Z] >>> [apiv2][query] GET https://serviceusage.googleapis.com/v1/projects/coflow-v1/services/eventarc.googleapis.com [none]
[debug] [2023-11-01T07:49:40.336Z] >>> [apiv2][(partial)header] GET https://serviceusage.googleapis.com/v1/projects/coflow-v1/services/eventarc.googleapis.com x-goog-quota-user=projects/coflow-v1
[debug] [2023-11-01T07:49:40.337Z] >>> [apiv2][query] GET https://serviceusage.googleapis.com/v1/projects/coflow-v1/services/pubsub.googleapis.com [none]
[debug] [2023-11-01T07:49:40.337Z] >>> [apiv2][(partial)header] GET https://serviceusage.googleapis.com/v1/projects/coflow-v1/services/pubsub.googleapis.com x-goog-quota-user=projects/coflow-v1
[debug] [2023-11-01T07:49:40.339Z] >>> [apiv2][query] GET https://serviceusage.googleapis.com/v1/projects/coflow-v1/services/storage.googleapis.com [none]
[debug] [2023-11-01T07:49:40.339Z] >>> [apiv2][(partial)header] GET https://serviceusage.googleapis.com/v1/projects/coflow-v1/services/storage.googleapis.com x-goog-quota-user=projects/coflow-v1
[debug] [2023-11-01T07:49:41.377Z] <<< [apiv2][status] GET https://serviceusage.googleapis.com/v1/projects/coflow-v1/services/pubsub.googleapis.com 200
[debug] [2023-11-01T07:49:41.377Z] <<< [apiv2][body] GET https://serviceusage.googleapis.com/v1/projects/coflow-v1/services/pubsub.googleapis.com [omitted]
[info] ✔  functions: required API pubsub.googleapis.com is enabled 
[debug] [2023-11-01T07:49:41.378Z] <<< [apiv2][status] GET https://serviceusage.googleapis.com/v1/projects/coflow-v1/services/run.googleapis.com 200
[debug] [2023-11-01T07:49:41.378Z] <<< [apiv2][body] GET https://serviceusage.googleapis.com/v1/projects/coflow-v1/services/run.googleapis.com [omitted]
[info] ✔  functions: required API run.googleapis.com is enabled 
[debug] [2023-11-01T07:49:41.391Z] <<< [apiv2][status] GET https://serviceusage.googleapis.com/v1/projects/coflow-v1/services/eventarc.googleapis.com 200
[debug] [2023-11-01T07:49:41.391Z] <<< [apiv2][body] GET https://serviceusage.googleapis.com/v1/projects/coflow-v1/services/eventarc.googleapis.com [omitted]
[info] ✔  functions: required API eventarc.googleapis.com is enabled 
[debug] [2023-11-01T07:49:41.413Z] <<< [apiv2][status] GET https://serviceusage.googleapis.com/v1/projects/coflow-v1/services/storage.googleapis.com 200
[debug] [2023-11-01T07:49:41.413Z] <<< [apiv2][body] GET https://serviceusage.googleapis.com/v1/projects/coflow-v1/services/storage.googleapis.com [omitted]
[info] ✔  functions: required API storage.googleapis.com is enabled 
[info] i  functions: generating the service identity for pubsub.googleapis.com... 
[info] i  functions: generating the service identity for eventarc.googleapis.com... 
[debug] [2023-11-01T07:49:41.414Z] >>> [apiv2][query] POST https://serviceusage.googleapis.com/v1beta1/projects/67027572033/services/pubsub.googleapis.com:generateServiceIdentity [none]
[debug] [2023-11-01T07:49:41.416Z] >>> [apiv2][query] POST https://serviceusage.googleapis.com/v1beta1/projects/67027572033/services/eventarc.googleapis.com:generateServiceIdentity [none]
[debug] [2023-11-01T07:49:42.464Z] <<< [apiv2][status] POST https://serviceusage.googleapis.com/v1beta1/projects/67027572033/services/eventarc.googleapis.com:generateServiceIdentity 200
[debug] [2023-11-01T07:49:42.464Z] <<< [apiv2][body] POST https://serviceusage.googleapis.com/v1beta1/projects/67027572033/services/eventarc.googleapis.com:generateServiceIdentity {"name":"operations/finished.DONE_OPERATION","done":true,"response":{"@type":"type.googleapis.com/google.api.serviceusage.v1beta1.ServiceIdentity","email":"service-67027572033@gcp-sa-eventarc.iam.gserviceaccount.com","uniqueId":"107845386463523045454"}}
[debug] [2023-11-01T07:49:42.771Z] <<< [apiv2][status] POST https://serviceusage.googleapis.com/v1beta1/projects/67027572033/services/pubsub.googleapis.com:generateServiceIdentity 200
[debug] [2023-11-01T07:49:42.771Z] <<< [apiv2][body] POST https://serviceusage.googleapis.com/v1beta1/projects/67027572033/services/pubsub.googleapis.com:generateServiceIdentity {"name":"operations/finished.DONE_OPERATION","done":true,"response":{"@type":"type.googleapis.com/google.api.serviceusage.v1beta1.ServiceIdentity","email":"service-67027572033@gcp-sa-pubsub.iam.gserviceaccount.com","uniqueId":"109323861122402504732"}}
[debug] [2023-11-01T07:49:42.773Z] >>> [apiv2][query] GET https://firebase.googleapis.com/v1beta1/projects/coflow-v1 [none]
[debug] [2023-11-01T07:49:43.772Z] <<< [apiv2][status] GET https://firebase.googleapis.com/v1beta1/projects/coflow-v1 200
[debug] [2023-11-01T07:49:43.772Z] <<< [apiv2][body] GET https://firebase.googleapis.com/v1beta1/projects/coflow-v1 {"projectId":"coflow-v1","projectNumber":"67027572033","displayName":"Coflow V1","name":"projects/coflow-v1","resources":{"hostingSite":"coflow-v1","realtimeDatabaseInstance":"coflow-v1-default-rtdb"},"state":"ACTIVE","etag":"1_54bd5ae2-c322-47c2-a392-e2e82ef3c518"}
[debug] [2023-11-01T07:49:43.774Z] >>> [apiv2][query] POST https://cloudfunctions.googleapis.com/v1/projects/coflow-v1/locations/us-central1/functions:generateUploadUrl [none]
[debug] [2023-11-01T07:49:43.774Z] >>> [apiv2][body] POST https://cloudfunctions.googleapis.com/v1/projects/coflow-v1/locations/us-central1/functions:generateUploadUrl {}
[debug] [2023-11-01T07:49:43.775Z] >>> [apiv2][query] POST https://cloudfunctions.googleapis.com/v2/projects/coflow-v1/locations/us-central1/functions:generateUploadUrl [none]
[debug] [2023-11-01T07:49:44.826Z] <<< [apiv2][status] POST https://cloudfunctions.googleapis.com/v2/projects/coflow-v1/locations/us-central1/functions:generateUploadUrl 200
[debug] [2023-11-01T07:49:44.826Z] <<< [apiv2][body] POST https://cloudfunctions.googleapis.com/v2/projects/coflow-v1/locations/us-central1/functions:generateUploadUrl {"uploadUrl":"https://storage.googleapis.com/gcf-v2-uploads-67027572033-us-central1/5f4f5fe7-e26d-4a3d-9f5f-9e0735bc2b79.zip?GoogleAccessId=service-67027572033@gcf-admin-robot.iam.gserviceaccount.com&Expires=1698826785&Signature=jEdCIRlVX7yKrHW5vvasBXmrcceeGzz83f6YdDBzKewdGi3Jef11JUk3KWohpXMxXur3VSK6oS2XpglQHnD8HqqOgiemr3YNpB0PgppKLwpO6c0earunxe%2BQwBZEHIIN0uPWiL9TmqFwJgAwnbOvj21r5LO1dB7QY%2FbXle27BCPPlnXrjjtur3saKR%2FPBZ%2FDPCZqibEP2QKlrjLZqHikc7Iak84KlAAsynblVDSMBrgSFVjdYTQWYnZpMpW90ASdF2JX6clDU8%2BJ66s583XYbjqpLLM32m8ccr0S84fJekl4%2BI6D4HaneFWXSlrfnpWgjMcSBqq5U%2FV0zZu0EEpQgQ%3D%3D","storageSource":{"bucket":"gcf-v2-uploads-67027572033-us-central1","object":"5f4f5fe7-e26d-4a3d-9f5f-9e0735bc2b79.zip"}}
[debug] [2023-11-01T07:49:44.826Z] >>> [apiv2][query] PUT https://storage.googleapis.com/gcf-v2-uploads-67027572033-us-central1/5f4f5fe7-e26d-4a3d-9f5f-9e0735bc2b79.zip GoogleAccessId=service-67027572033%40gcf-admin-robot.iam.gserviceaccount.com&Expires=1698826785&Signature=jEdCIRlVX7yKrHW5vvasBXmrcceeGzz83f6YdDBzKewdGi3Jef11JUk3KWohpXMxXur3VSK6oS2XpglQHnD8HqqOgiemr3YNpB0PgppKLwpO6c0earunxe%2BQwBZEHIIN0uPWiL9TmqFwJgAwnbOvj21r5LO1dB7QY%2FbXle27BCPPlnXrjjtur3saKR%2FPBZ%2FDPCZqibEP2QKlrjLZqHikc7Iak84KlAAsynblVDSMBrgSFVjdYTQWYnZpMpW90ASdF2JX6clDU8%2BJ66s583XYbjqpLLM32m8ccr0S84fJekl4%2BI6D4HaneFWXSlrfnpWgjMcSBqq5U%2FV0zZu0EEpQgQ%3D%3D
[debug] [2023-11-01T07:49:44.826Z] >>> [apiv2][body] PUT https://storage.googleapis.com/gcf-v2-uploads-67027572033-us-central1/5f4f5fe7-e26d-4a3d-9f5f-9e0735bc2b79.zip [stream]
[debug] [2023-11-01T07:49:44.999Z] <<< [apiv2][status] POST https://cloudfunctions.googleapis.com/v1/projects/coflow-v1/locations/us-central1/functions:generateUploadUrl 200
[debug] [2023-11-01T07:49:44.999Z] <<< [apiv2][body] POST https://cloudfunctions.googleapis.com/v1/projects/coflow-v1/locations/us-central1/functions:generateUploadUrl {"uploadUrl":"https://storage.googleapis.com/uploads-342308415185.us-central1.cloudfunctions.appspot.com/9d830e03-0b7e-42e0-818c-706cdaed7aee.zip?GoogleAccessId=service-67027572033@gcf-admin-robot.iam.gserviceaccount.com&Expires=1698826785&Signature=R7YfGnfhETxAeqQ7TNwdYE4Iu%2BYmmxjqYmcmFyLpZXXQMqFmDRQV5W2X2YnFBVFDr07Y228D1%2FCsV5Uy7NcGceQeRHjM68baJactUngVuGO3wW93gj8UDBQaaBh%2FC0QJFrTO39hTKlCVgSKIf17ztwuia8T0csAwsmG62F2gYBBsQs%2BN1deXD7Qxp8AC7%2Bto2ng8Q3S3FcjrPcMHSoHsSz%2B%2FgRmfa1IMr8CW86QyAmppOMNQbCsWWyc6a67tHNZtTt10AulCFpCy7Fgzyvi5KDqdPtTW8jSzjireW1Rflb5rPQ74EKryu1oNzHivc6LoyMSm6NuJAcQcc5cPYReSow%3D%3D"}
[debug] [2023-11-01T07:49:44.999Z] >>> [apiv2][query] PUT https://storage.googleapis.com/uploads-342308415185.us-central1.cloudfunctions.appspot.com/9d830e03-0b7e-42e0-818c-706cdaed7aee.zip GoogleAccessId=service-67027572033%40gcf-admin-robot.iam.gserviceaccount.com&Expires=1698826785&Signature=R7YfGnfhETxAeqQ7TNwdYE4Iu%2BYmmxjqYmcmFyLpZXXQMqFmDRQV5W2X2YnFBVFDr07Y228D1%2FCsV5Uy7NcGceQeRHjM68baJactUngVuGO3wW93gj8UDBQaaBh%2FC0QJFrTO39hTKlCVgSKIf17ztwuia8T0csAwsmG62F2gYBBsQs%2BN1deXD7Qxp8AC7%2Bto2ng8Q3S3FcjrPcMHSoHsSz%2B%2FgRmfa1IMr8CW86QyAmppOMNQbCsWWyc6a67tHNZtTt10AulCFpCy7Fgzyvi5KDqdPtTW8jSzjireW1Rflb5rPQ74EKryu1oNzHivc6LoyMSm6NuJAcQcc5cPYReSow%3D%3D
[debug] [2023-11-01T07:49:45.000Z] >>> [apiv2][body] PUT https://storage.googleapis.com/uploads-342308415185.us-central1.cloudfunctions.appspot.com/9d830e03-0b7e-42e0-818c-706cdaed7aee.zip [stream]
[debug] [2023-11-01T07:49:46.649Z] <<< [apiv2][status] PUT https://storage.googleapis.com/uploads-342308415185.us-central1.cloudfunctions.appspot.com/9d830e03-0b7e-42e0-818c-706cdaed7aee.zip 200
[debug] [2023-11-01T07:49:46.649Z] <<< [apiv2][body] PUT https://storage.googleapis.com/uploads-342308415185.us-central1.cloudfunctions.appspot.com/9d830e03-0b7e-42e0-818c-706cdaed7aee.zip [omitted]
[debug] [2023-11-01T07:49:46.883Z] <<< [apiv2][status] PUT https://storage.googleapis.com/gcf-v2-uploads-67027572033-us-central1/5f4f5fe7-e26d-4a3d-9f5f-9e0735bc2b79.zip 200
[debug] [2023-11-01T07:49:46.884Z] <<< [apiv2][body] PUT https://storage.googleapis.com/gcf-v2-uploads-67027572033-us-central1/5f4f5fe7-e26d-4a3d-9f5f-9e0735bc2b79.zip [omitted]
[info] ✔  functions: functions folder uploaded successfully 
[info] i  functions: updating Node.js 18 (1st Gen) function handleShopifyCheckoutSuccess(us-central1)... 
[info] i  functions: updating Node.js 18 (2nd Gen) function checkRewards(us-central1)... 
[info] i  functions: updating Node.js 18 (1st Gen) function getProductList(us-central1)... 
[info] i  functions: updating Node.js 18 (1st Gen) function getProduct(us-central1)... 
[info] i  functions: updating Node.js 18 (1st Gen) function createCheckout(us-central1)... 
[info] i  functions: updating Node.js 18 (1st Gen) function getCheckout(us-central1)... 
[info] i  functions: updating Node.js 18 (1st Gen) function testRewards(us-central1)... 
[debug] [2023-11-01T07:49:46.890Z] >>> [apiv2][query] PATCH https://cloudfunctions.googleapis.com/v1/projects/coflow-v1/locations/us-central1/functions/handleShopifyCheckoutSuccess updateMask=name%2CsourceUploadUrl%2CentryPoint%2Cruntime%2CdockerRegistry%2Clabels%2ChttpsTrigger.securityLevel%2CminInstances%2CmaxInstances%2CingressSettings%2CenvironmentVariables%2CserviceAccountEmail%2CavailableMemoryMb%2Ctimeout%2CvpcConnector%2CvpcConnectorEgressSettings%2CsourceToken%2CbuildEnvironmentVariables
[debug] [2023-11-01T07:49:46.890Z] >>> [apiv2][body] PATCH https://cloudfunctions.googleapis.com/v1/projects/coflow-v1/locations/us-central1/functions/handleShopifyCheckoutSuccess {"name":"projects/coflow-v1/locations/us-central1/functions/handleShopifyCheckoutSuccess","sourceUploadUrl":"https://storage.googleapis.com/uploads-342308415185.us-central1.cloudfunctions.appspot.com/9d830e03-0b7e-42e0-818c-706cdaed7aee.zip?GoogleAccessId=service-67027572033@gcf-admin-robot.iam.gserviceaccount.com&Expires=1698826785&Signature=R7YfGnfhETxAeqQ7TNwdYE4Iu%2BYmmxjqYmcmFyLpZXXQMqFmDRQV5W2X2YnFBVFDr07Y228D1%2FCsV5Uy7NcGceQeRHjM68baJactUngVuGO3wW93gj8UDBQaaBh%2FC0QJFrTO39hTKlCVgSKIf17ztwuia8T0csAwsmG62F2gYBBsQs%2BN1deXD7Qxp8AC7%2Bto2ng8Q3S3FcjrPcMHSoHsSz%2B%2FgRmfa1IMr8CW86QyAmppOMNQbCsWWyc6a67tHNZtTt10AulCFpCy7Fgzyvi5KDqdPtTW8jSzjireW1Rflb5rPQ74EKryu1oNzHivc6LoyMSm6NuJAcQcc5cPYReSow%3D%3D","entryPoint":"handleShopifyCheckoutSuccess","runtime":"nodejs18","dockerRegistry":"ARTIFACT_REGISTRY","labels":{"deployment-tool":"cli-firebase","firebase-functions-hash":"253b5ca29f3ec2ccaf70511f8e81f2d63f6cc7a8"},"httpsTrigger":{"securityLevel":"SECURE_ALWAYS"},"minInstances":null,"maxInstances":null,"ingressSettings":null,"environmentVariables":{"API_ACCESS_TOKEN":"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","FIREBASE_CONFIG":"{\"projectId\":\"coflow-v1\",\"databaseURL\":\"https://coflow-v1-default-rtdb.europe-west1.firebasedatabase.app\",\"storageBucket\":\"coflow-v1.appspot.com\"}","GCLOUD_PROJECT":"coflow-v1","EVENTARC_CLOUD_EVENT_SOURCE":"projects/coflow-v1/locations/us-central1/functions/handleShopifyCheckoutSuccess"},"serviceAccountEmail":null,"availableMemoryMb":null,"timeout":null,"vpcConnector":null,"vpcConnectorEgressSettings":null,"buildEnvironmentVariables":{"GOOGLE_NODE_RUN_SCRIPTS":""}}
[debug] [2023-11-01T07:49:46.891Z] >>> [apiv2][query] PATCH https://cloudfunctions.googleapis.com/v2/projects/coflow-v1/locations/us-central1/functions/checkRewards updateMask=name%2CbuildConfig.runtime%2CbuildConfig.entryPoint%2CbuildConfig.source.storageSource.bucket%2CbuildConfig.source.storageSource.object%2CbuildConfig.environmentVariables%2CbuildConfig.sourceToken%2CserviceConfig.environmentVariables%2CserviceConfig.ingressSettings%2CserviceConfig.timeoutSeconds%2CserviceConfig.serviceAccountEmail%2CserviceConfig.availableMemory%2CserviceConfig.minInstanceCount%2CserviceConfig.maxInstanceCount%2CserviceConfig.maxInstanceRequestConcurrency%2CserviceConfig.availableCpu%2CserviceConfig.vpcConnector%2CserviceConfig.vpcConnectorEgressSettings%2Clabels%2CbuildConfig.buildEnvironmentVariables
[debug] [2023-11-01T07:49:46.891Z] >>> [apiv2][body] PATCH https://cloudfunctions.googleapis.com/v2/projects/coflow-v1/locations/us-central1/functions/checkRewards {"name":"projects/coflow-v1/locations/us-central1/functions/checkRewards","buildConfig":{"runtime":"nodejs18","entryPoint":"checkRewards","source":{"storageSource":{"bucket":"gcf-v2-uploads-67027572033-us-central1","object":"5f4f5fe7-e26d-4a3d-9f5f-9e0735bc2b79.zip"}},"environmentVariables":{"GOOGLE_NODE_RUN_SCRIPTS":""}},"serviceConfig":{"environmentVariables":{"API_ACCESS_TOKEN":"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","FIREBASE_CONFIG":"{\"projectId\":\"coflow-v1\",\"databaseURL\":\"https://coflow-v1-default-rtdb.europe-west1.firebasedatabase.app\",\"storageBucket\":\"coflow-v1.appspot.com\"}","GCLOUD_PROJECT":"coflow-v1","EVENTARC_CLOUD_EVENT_SOURCE":"projects/coflow-v1/locations/us-central1/services/checkRewards","FUNCTION_TARGET":"checkRewards"},"ingressSettings":null,"timeoutSeconds":null,"serviceAccountEmail":null,"availableMemory":"256Mi","minInstanceCount":null,"maxInstanceCount":null,"maxInstanceRequestConcurrency":80,"availableCpu":"1","vpcConnector":null,"vpcConnectorEgressSettings":null},"labels":{"deployment-tool":"cli-firebase","deployment-scheduled":"true","firebase-functions-hash":"10bb1f4b1657c48437c2483799ec3dd94408540b"}}
[debug] [2023-11-01T07:49:48.124Z] <<< [apiv2][status] PATCH https://cloudfunctions.googleapis.com/v1/projects/coflow-v1/locations/us-central1/functions/handleShopifyCheckoutSuccess 200
[debug] [2023-11-01T07:49:48.125Z] <<< [apiv2][body] PATCH https://cloudfunctions.googleapis.com/v1/projects/coflow-v1/locations/us-central1/functions/handleShopifyCheckoutSuccess {"name":"operations/Y29mbG93LXYxL3VzLWNlbnRyYWwxL2hhbmRsZVNob3BpZnlDaGVja291dFN1Y2Nlc3MvOVJaeXV6ZFNRdzA","metadata":{"@type":"type.googleapis.com/google.cloud.functions.v1.OperationMetadataV1","target":"projects/coflow-v1/locations/us-central1/functions/handleShopifyCheckoutSuccess","type":"UPDATE_FUNCTION","request":{"@type":"type.googleapis.com/google.cloud.functions.v1.CloudFunction","name":"projects/coflow-v1/locations/us-central1/functions/handleShopifyCheckoutSuccess","httpsTrigger":{"url":"https://us-central1-coflow-v1.cloudfunctions.net/handleShopifyCheckoutSuccess","securityLevel":"SECURE_ALWAYS"},"status":"ACTIVE","entryPoint":"handleShopifyCheckoutSuccess","updateTime":"2023-11-01T07:45:46.531Z","versionId":"4","labels":{"deployment-tool":"cli-firebase","firebase-functions-hash":"253b5ca29f3ec2ccaf70511f8e81f2d63f6cc7a8"},"sourceUploadUrl":"https://storage.googleapis.com/uploads-342308415185.us-central1.cloudfunctions.appspot.com/9d830e03-0b7e-42e0-818c-706cdaed7aee.zip?GoogleAccessId=service-67027572033@gcf-admin-robot.iam.gserviceaccount.com&Expires=1698826785&Signature=R7YfGnfhETxAeqQ7TNwdYE4Iu%2BYmmxjqYmcmFyLpZXXQMqFmDRQV5W2X2YnFBVFDr07Y228D1%2FCsV5Uy7NcGceQeRHjM68baJactUngVuGO3wW93gj8UDBQaaBh%2FC0QJFrTO39hTKlCVgSKIf17ztwuia8T0csAwsmG62F2gYBBsQs%2BN1deXD7Qxp8AC7%2Bto2ng8Q3S3FcjrPcMHSoHsSz%2B%2FgRmfa1IMr8CW86QyAmppOMNQbCsWWyc6a67tHNZtTt10AulCFpCy7Fgzyvi5KDqdPtTW8jSzjireW1Rflb5rPQ74EKryu1oNzHivc6LoyMSm6NuJAcQcc5cPYReSow%3D%3D","environmentVariables":{"API_ACCESS_TOKEN":"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","FIREBASE_CONFIG":"{\"projectId\":\"coflow-v1\",\"databaseURL\":\"https://coflow-v1-default-rtdb.europe-west1.firebasedatabase.app\",\"storageBucket\":\"coflow-v1.appspot.com\"}","GCLOUD_PROJECT":"coflow-v1","EVENTARC_CLOUD_EVENT_SOURCE":"projects/coflow-v1/locations/us-central1/functions/handleShopifyCheckoutSuccess"},"runtime":"nodejs18","buildId":"48be63b2-eadb-4bdf-9642-cfdd86e1d0fc","buildEnvironmentVariables":{"GOOGLE_NODE_RUN_SCRIPTS":""},"buildName":"projects/67027572033/locations/us-central1/builds/48be63b2-eadb-4bdf-9642-cfdd86e1d0fc","dockerRegistry":"ARTIFACT_REGISTRY"},"versionId":"5","updateTime":"2023-11-01T07:49:48Z"}}
[debug] [2023-11-01T07:49:48.125Z] >>> [apiv2][query] GET https://cloudfunctions.googleapis.com/v1/operations/Y29mbG93LXYxL3VzLWNlbnRyYWwxL2hhbmRsZVNob3BpZnlDaGVja291dFN1Y2Nlc3MvOVJaeXV6ZFNRdzA [none]
[debug] [2023-11-01T07:49:48.629Z] <<< [apiv2][status] PATCH https://cloudfunctions.googleapis.com/v2/projects/coflow-v1/locations/us-central1/functions/checkRewards 200
[debug] [2023-11-01T07:49:48.629Z] <<< [apiv2][body] PATCH https://cloudfunctions.googleapis.com/v2/projects/coflow-v1/locations/us-central1/functions/checkRewards {"name":"projects/coflow-v1/locations/us-central1/operations/operation-1698824988319-6091283f6df8e-90294fe2-a217fa81","metadata":{"@type":"type.googleapis.com/google.cloud.functions.v2.OperationMetadata","createTime":"2023-11-01T07:49:49.065331803Z","target":"projects/coflow-v1/locations/us-central1/functions/checkRewards","verb":"update","cancelRequested":false,"apiVersion":"v2"},"done":false}
[debug] [2023-11-01T07:49:48.629Z] >>> [apiv2][query] GET https://cloudfunctions.googleapis.com/v2/projects/coflow-v1/locations/us-central1/operations/operation-1698824988319-6091283f6df8e-90294fe2-a217fa81 [none]
[debug] [2023-11-01T07:49:49.116Z] <<< [apiv2][status] GET https://cloudfunctions.googleapis.com/v1/operations/Y29mbG93LXYxL3VzLWNlbnRyYWwxL2hhbmRsZVNob3BpZnlDaGVja291dFN1Y2Nlc3MvOVJaeXV6ZFNRdzA 200
[debug] [2023-11-01T07:49:49.116Z] <<< [apiv2][body] GET https://cloudfunctions.googleapis.com/v1/operations/Y29mbG93LXYxL3VzLWNlbnRyYWwxL2hhbmRsZVNob3BpZnlDaGVja291dFN1Y2Nlc3MvOVJaeXV6ZFNRdzA {"name":"operations/Y29mbG93LXYxL3VzLWNlbnRyYWwxL2hhbmRsZVNob3BpZnlDaGVja291dFN1Y2Nlc3MvOVJaeXV6ZFNRdzA","metadata":{"@type":"type.googleapis.com/google.cloud.functions.v1.OperationMetadataV1","target":"projects/coflow-v1/locations/us-central1/functions/handleShopifyCheckoutSuccess","type":"UPDATE_FUNCTION","request":{"@type":"type.googleapis.com/google.cloud.functions.v1.CloudFunction","name":"projects/coflow-v1/locations/us-central1/functions/handleShopifyCheckoutSuccess","httpsTrigger":{"url":"https://us-central1-coflow-v1.cloudfunctions.net/handleShopifyCheckoutSuccess","securityLevel":"SECURE_ALWAYS"},"status":"ACTIVE","entryPoint":"handleShopifyCheckoutSuccess","updateTime":"2023-11-01T07:45:46.531Z","versionId":"4","labels":{"deployment-tool":"cli-firebase","firebase-functions-hash":"253b5ca29f3ec2ccaf70511f8e81f2d63f6cc7a8"},"sourceUploadUrl":"https://storage.googleapis.com/uploads-342308415185.us-central1.cloudfunctions.appspot.com/9d830e03-0b7e-42e0-818c-706cdaed7aee.zip?GoogleAccessId=service-67027572033@gcf-admin-robot.iam.gserviceaccount.com&Expires=1698826785&Signature=R7YfGnfhETxAeqQ7TNwdYE4Iu%2BYmmxjqYmcmFyLpZXXQMqFmDRQV5W2X2YnFBVFDr07Y228D1%2FCsV5Uy7NcGceQeRHjM68baJactUngVuGO3wW93gj8UDBQaaBh%2FC0QJFrTO39hTKlCVgSKIf17ztwuia8T0csAwsmG62F2gYBBsQs%2BN1deXD7Qxp8AC7%2Bto2ng8Q3S3FcjrPcMHSoHsSz%2B%2FgRmfa1IMr8CW86QyAmppOMNQbCsWWyc6a67tHNZtTt10AulCFpCy7Fgzyvi5KDqdPtTW8jSzjireW1Rflb5rPQ74EKryu1oNzHivc6LoyMSm6NuJAcQcc5cPYReSow%3D%3D","environmentVariables":{"API_ACCESS_TOKEN":"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","FIREBASE_CONFIG":"{\"projectId\":\"coflow-v1\",\"databaseURL\":\"https://coflow-v1-default-rtdb.europe-west1.firebasedatabase.app\",\"storageBucket\":\"coflow-v1.appspot.com\"}","GCLOUD_PROJECT":"coflow-v1","EVENTARC_CLOUD_EVENT_SOURCE":"projects/coflow-v1/locations/us-central1/functions/handleShopifyCheckoutSuccess"},"runtime":"nodejs18","buildId":"48be63b2-eadb-4bdf-9642-cfdd86e1d0fc","buildEnvironmentVariables":{"GOOGLE_NODE_RUN_SCRIPTS":""},"buildName":"projects/67027572033/locations/us-central1/builds/48be63b2-eadb-4bdf-9642-cfdd86e1d0fc","dockerRegistry":"ARTIFACT_REGISTRY"},"versionId":"5","updateTime":"2023-11-01T07:49:48Z","buildId":"77b5a641-3619-4a0b-bf73-b0fa907a7bb7","buildName":"projects/67027572033/locations/us-central1/builds/77b5a641-3619-4a0b-bf73-b0fa907a7bb7"}}
[debug] [2023-11-01T07:49:49.618Z] [update-default-us-central1-handleShopifyCheckoutSuccess] Retrying task index 0
[debug] [2023-11-01T07:49:49.618Z] >>> [apiv2][query] GET https://cloudfunctions.googleapis.com/v1/operations/Y29mbG93LXYxL3VzLWNlbnRyYWwxL2hhbmRsZVNob3BpZnlDaGVja291dFN1Y2Nlc3MvOVJaeXV6ZFNRdzA [none]
[debug] [2023-11-01T07:49:49.934Z] <<< [apiv2][status] GET https://cloudfunctions.googleapis.com/v2/projects/coflow-v1/locations/us-central1/operations/operation-1698824988319-6091283f6df8e-90294fe2-a217fa81 200
[debug] [2023-11-01T07:49:49.934Z] <<< [apiv2][body] GET https://cloudfunctions.googleapis.com/v2/projects/coflow-v1/locations/us-central1/operations/operation-1698824988319-6091283f6df8e-90294fe2-a217fa81 {"name":"projects/coflow-v1/locations/us-central1/operations/operation-1698824988319-6091283f6df8e-90294fe2-a217fa81","metadata":{"@type":"type.googleapis.com/google.cloud.functions.v2.OperationMetadata","createTime":"2023-11-01T07:49:49.065331803Z","target":"projects/coflow-v1/locations/us-central1/functions/checkRewards","verb":"update","cancelRequested":false,"apiVersion":"v2","requestResource":{"@type":"type.googleapis.com/google.cloud.functions.v2.Function","name":"projects/coflow-v1/locations/us-central1/functions/checkRewards","buildConfig":{"runtime":"nodejs18","entryPoint":"checkRewards","source":{"storageSource":{"bucket":"gcf-v2-sources-67027572033-us-central1","object":"checkRewards/function-source.zip","generation":"1698824989025707"}},"environmentVariables":{"GOOGLE_NODE_RUN_SCRIPTS":""},"sourceProvenance":{"resolvedStorageSource":{"bucket":"gcf-v2-sources-67027572033-us-central1","object":"checkRewards/function-source.zip","generation":"1698824683908934"}},"dockerRegistry":"ARTIFACT_REGISTRY"},"serviceConfig":{"service":"projects/coflow-v1/locations/us-central1/services/checkrewards","timeoutSeconds":60,"environmentVariables":{"API_ACCESS_TOKEN":"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","FIREBASE_CONFIG":"{\"projectId\":\"coflow-v1\",\"databaseURL\":\"https://coflow-v1-default-rtdb.europe-west1.firebasedatabase.app\",\"storageBucket\":\"coflow-v1.appspot.com\"}","GCLOUD_PROJECT":"coflow-v1","EVENTARC_CLOUD_EVENT_SOURCE":"projects/coflow-v1/locations/us-central1/services/checkRewards","FUNCTION_TARGET":"checkRewards"},"maxInstanceCount":100,"ingressSettings":"ALLOW_ALL","uri":"https://checkrewards-apnaugcgma-uc.a.run.app","serviceAccountEmail":"67027572033-compute@developer.gserviceaccount.com","availableMemory":"256Mi","allTrafficOnLatestRevision":true,"revision":"checkrewards-00003-vix","maxInstanceRequestConcurrency":80,"availableCpu":"1"},"state":"ACTIVE","labels":{"deployment-tool":"cli-firebase","deployment-scheduled":"true","firebase-functions-hash":"10bb1f4b1657c48437c2483799ec3dd94408540b"},"environment":"GEN_2","url":"https://us-central1-coflow-v1.cloudfunctions.net/checkRewards"},"stages":[{"name":"BUILD","message":"Build in progress","state":"IN_PROGRESS","resource":"projects/67027572033/locations/us-central1/builds/311ae28b-094c-47aa-9f9e-cb2cc6fa5d04","resourceUri":"https://console.cloud.google.com/cloud-build/builds;region=us-central1/311ae28b-094c-47aa-9f9e-cb2cc6fa5d04?project=67027572033"},{"name":"SERVICE","state":"NOT_STARTED"}]},"done":false}
[debug] [2023-11-01T07:49:50.436Z] [update-default-us-central1-checkRewards] Retrying task index 0
[debug] [2023-11-01T07:49:50.436Z] >>> [apiv2][query] GET https://cloudfunctions.googleapis.com/v2/projects/coflow-v1/locations/us-central1/operations/operation-1698824988319-6091283f6df8e-90294fe2-a217fa81 [none]
[debug] [2023-11-01T07:49:50.922Z] <<< [apiv2][status] GET https://cloudfunctions.googleapis.com/v1/operations/Y29mbG93LXYxL3VzLWNlbnRyYWwxL2hhbmRsZVNob3BpZnlDaGVja291dFN1Y2Nlc3MvOVJaeXV6ZFNRdzA 200
[debug] [2023-11-01T07:49:50.922Z] <<< [apiv2][body] GET https://cloudfunctions.googleapis.com/v1/operations/Y29mbG93LXYxL3VzLWNlbnRyYWwxL2hhbmRsZVNob3BpZnlDaGVja291dFN1Y2Nlc3MvOVJaeXV6ZFNRdzA {"name":"operations/Y29mbG93LXYxL3VzLWNlbnRyYWwxL2hhbmRsZVNob3BpZnlDaGVja291dFN1Y2Nlc3MvOVJaeXV6ZFNRdzA","metadata":{"@type":"type.googleapis.com/google.cloud.functions.v1.OperationMetadataV1","target":"projects/coflow-v1/locations/us-central1/functions/handleShopifyCheckoutSuccess","type":"UPDATE_FUNCTION","request":{"@type":"type.googleapis.com/google.cloud.functions.v1.CloudFunction","name":"projects/coflow-v1/locations/us-central1/functions/handleShopifyCheckoutSuccess","httpsTrigger":{"url":"https://us-central1-coflow-v1.cloudfunctions.net/handleShopifyCheckoutSuccess","securityLevel":"SECURE_ALWAYS"},"status":"ACTIVE","entryPoint":"handleShopifyCheckoutSuccess","updateTime":"2023-11-01T07:45:46.531Z","versionId":"4","labels":{"deployment-tool":"cli-firebase","firebase-functions-hash":"253b5ca29f3ec2ccaf70511f8e81f2d63f6cc7a8"},"sourceUploadUrl":"https://storage.googleapis.com/uploads-342308415185.us-central1.cloudfunctions.appspot.com/9d830e03-0b7e-42e0-818c-706cdaed7aee.zip?GoogleAccessId=service-67027572033@gcf-admin-robot.iam.gserviceaccount.com&Expires=1698826785&Signature=R7YfGnfhETxAeqQ7TNwdYE4Iu%2BYmmxjqYmcmFyLpZXXQMqFmDRQV5W2X2YnFBVFDr07Y228D1%2FCsV5Uy7NcGceQeRHjM68baJactUngVuGO3wW93gj8UDBQaaBh%2FC0QJFrTO39hTKlCVgSKIf17ztwuia8T0csAwsmG62F2gYBBsQs%2BN1deXD7Qxp8AC7%2Bto2ng8Q3S3FcjrPcMHSoHsSz%2B%2FgRmfa1IMr8CW86QyAmppOMNQbCsWWyc6a67tHNZtTt10AulCFpCy7Fgzyvi5KDqdPtTW8jSzjireW1Rflb5rPQ74EKryu1oNzHivc6LoyMSm6NuJAcQcc5cPYReSow%3D%3D","environmentVariables":{"API_ACCESS_TOKEN":"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","FIREBASE_CONFIG":"{\"projectId\":\"coflow-v1\",\"databaseURL\":\"https://coflow-v1-default-rtdb.europe-west1.firebasedatabase.app\",\"storageBucket\":\"coflow-v1.appspot.com\"}","GCLOUD_PROJECT":"coflow-v1","EVENTARC_CLOUD_EVENT_SOURCE":"projects/coflow-v1/locations/us-central1/functions/handleShopifyCheckoutSuccess"},"runtime":"nodejs18","buildId":"48be63b2-eadb-4bdf-9642-cfdd86e1d0fc","buildEnvironmentVariables":{"GOOGLE_NODE_RUN_SCRIPTS":""},"buildName":"projects/67027572033/locations/us-central1/builds/48be63b2-eadb-4bdf-9642-cfdd86e1d0fc","dockerRegistry":"ARTIFACT_REGISTRY"},"versionId":"5","updateTime":"2023-11-01T07:49:48Z","buildId":"77b5a641-3619-4a0b-bf73-b0fa907a7bb7","buildName":"projects/67027572033/locations/us-central1/builds/77b5a641-3619-4a0b-bf73-b0fa907a7bb7"}}
[debug] [2023-11-01T07:49:51.488Z] <<< [apiv2][status] GET https://cloudfunctions.googleapis.com/v2/projects/coflow-v1/locations/us-central1/operations/operation-1698824988319-6091283f6df8e-90294fe2-a217fa81 200
[debug] [2023-11-01T07:49:51.488Z] <<< [apiv2][body] GET https://cloudfunctions.googleapis.com/v2/projects/coflow-v1/locations/us-central1/operations/operation-1698824988319-6091283f6df8e-90294fe2-a217fa81 {"name":"projects/coflow-v1/locations/us-central1/operations/operation-1698824988319-6091283f6df8e-90294fe2-a217fa81","metadata":{"@type":"type.googleapis.com/google.cloud.functions.v2.OperationMetadata","createTime":"2023-11-01T07:49:49.065331803Z","target":"projects/coflow-v1/locations/us-central1/functions/checkRewards","verb":"update","cancelRequested":false,"apiVersion":"v2","requestResource":{"@type":"type.googleapis.com/google.cloud.functions.v2.Function","name":"projects/coflow-v1/locations/us-central1/functions/checkRewards","buildConfig":{"runtime":"nodejs18","entryPoint":"checkRewards","source":{"storageSource":{"bucket":"gcf-v2-sources-67027572033-us-central1","object":"checkRewards/function-source.zip","generation":"1698824989025707"}},"environmentVariables":{"GOOGLE_NODE_RUN_SCRIPTS":""},"sourceProvenance":{"resolvedStorageSource":{"bucket":"gcf-v2-sources-67027572033-us-central1","object":"checkRewards/function-source.zip","generation":"1698824683908934"}},"dockerRegistry":"ARTIFACT_REGISTRY"},"serviceConfig":{"service":"projects/coflow-v1/locations/us-central1/services/checkrewards","timeoutSeconds":60,"environmentVariables":{"API_ACCESS_TOKEN":"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","FIREBASE_CONFIG":"{\"projectId\":\"coflow-v1\",\"databaseURL\":\"https://coflow-v1-default-rtdb.europe-west1.firebasedatabase.app\",\"storageBucket\":\"coflow-v1.appspot.com\"}","GCLOUD_PROJECT":"coflow-v1","EVENTARC_CLOUD_EVENT_SOURCE":"projects/coflow-v1/locations/us-central1/services/checkRewards","FUNCTION_TARGET":"checkRewards"},"maxInstanceCount":100,"ingressSettings":"ALLOW_ALL","uri":"https://checkrewards-apnaugcgma-uc.a.run.app","serviceAccountEmail":"67027572033-compute@developer.gserviceaccount.com","availableMemory":"256Mi","allTrafficOnLatestRevision":true,"revision":"checkrewards-00003-vix","maxInstanceRequestConcurrency":80,"availableCpu":"1"},"state":"ACTIVE","labels":{"deployment-tool":"cli-firebase","deployment-scheduled":"true","firebase-functions-hash":"10bb1f4b1657c48437c2483799ec3dd94408540b"},"environment":"GEN_2","url":"https://us-central1-coflow-v1.cloudfunctions.net/checkRewards"},"stages":[{"name":"BUILD","message":"Build in progress","state":"IN_PROGRESS","resource":"projects/67027572033/locations/us-central1/builds/311ae28b-094c-47aa-9f9e-cb2cc6fa5d04","resourceUri":"https://console.cloud.google.com/cloud-build/builds;region=us-central1/311ae28b-094c-47aa-9f9e-cb2cc6fa5d04?project=67027572033"},{"name":"SERVICE","state":"NOT_STARTED"}]},"done":false}
[debug] [2023-11-01T07:49:51.924Z] [update-default-us-central1-handleShopifyCheckoutSuccess] Retrying task index 0
[debug] [2023-11-01T07:49:51.924Z] >>> [apiv2][query] GET https://cloudfunctions.googleapis.com/v1/operations/Y29mbG93LXYxL3VzLWNlbnRyYWwxL2hhbmRsZVNob3BpZnlDaGVja291dFN1Y2Nlc3MvOVJaeXV6ZFNRdzA [none]
[debug] [2023-11-01T07:49:52.489Z] [update-default-us-central1-checkRewards] Retrying task index 0
[debug] [2023-11-01T07:49:52.490Z] >>> [apiv2][query] GET https://cloudfunctions.googleapis.com/v2/projects/coflow-v1/locations/us-central1/operations/operation-1698824988319-6091283f6df8e-90294fe2-a217fa81 [none]
[debug] [2023-11-01T07:49:52.908Z] <<< [apiv2][status] GET https://cloudfunctions.googleapis.com/v1/operations/Y29mbG93LXYxL3VzLWNlbnRyYWwxL2hhbmRsZVNob3BpZnlDaGVja291dFN1Y2Nlc3MvOVJaeXV6ZFNRdzA 200
[debug] [2023-11-01T07:49:52.908Z] <<< [apiv2][body] GET https://cloudfunctions.googleapis.com/v1/operations/Y29mbG93LXYxL3VzLWNlbnRyYWwxL2hhbmRsZVNob3BpZnlDaGVja291dFN1Y2Nlc3MvOVJaeXV6ZFNRdzA {"name":"operations/Y29mbG93LXYxL3VzLWNlbnRyYWwxL2hhbmRsZVNob3BpZnlDaGVja291dFN1Y2Nlc3MvOVJaeXV6ZFNRdzA","metadata":{"@type":"type.googleapis.com/google.cloud.functions.v1.OperationMetadataV1","target":"projects/coflow-v1/locations/us-central1/functions/handleShopifyCheckoutSuccess","type":"UPDATE_FUNCTION","request":{"@type":"type.googleapis.com/google.cloud.functions.v1.CloudFunction","name":"projects/coflow-v1/locations/us-central1/functions/handleShopifyCheckoutSuccess","httpsTrigger":{"url":"https://us-central1-coflow-v1.cloudfunctions.net/handleShopifyCheckoutSuccess","securityLevel":"SECURE_ALWAYS"},"status":"ACTIVE","entryPoint":"handleShopifyCheckoutSuccess","updateTime":"2023-11-01T07:45:46.531Z","versionId":"4","labels":{"deployment-tool":"cli-firebase","firebase-functions-hash":"253b5ca29f3ec2ccaf70511f8e81f2d63f6cc7a8"},"sourceUploadUrl":"https://storage.googleapis.com/uploads-342308415185.us-central1.cloudfunctions.appspot.com/9d830e03-0b7e-42e0-818c-706cdaed7aee.zip?GoogleAccessId=service-67027572033@gcf-admin-robot.iam.gserviceaccount.com&Expires=1698826785&Signature=R7YfGnfhETxAeqQ7TNwdYE4Iu%2BYmmxjqYmcmFyLpZXXQMqFmDRQV5W2X2YnFBVFDr07Y228D1%2FCsV5Uy7NcGceQeRHjM68baJactUngVuGO3wW93gj8UDBQaaBh%2FC0QJFrTO39hTKlCVgSKIf17ztwuia8T0csAwsmG62F2gYBBsQs%2BN1deXD7Qxp8AC7%2Bto2ng8Q3S3FcjrPcMHSoHsSz%2B%2FgRmfa1IMr8CW86QyAmppOMNQbCsWWyc6a67tHNZtTt10AulCFpCy7Fgzyvi5KDqdPtTW8jSzjireW1Rflb5rPQ74EKryu1oNzHivc6LoyMSm6NuJAcQcc5cPYReSow%3D%3D","environmentVariables":{"API_ACCESS_TOKEN":"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","FIREBASE_CONFIG":"{\"projectId\":\"coflow-v1\",\"databaseURL\":\"https://coflow-v1-default-rtdb.europe-west1.firebasedatabase.app\",\"storageBucket\":\"coflow-v1.appspot.com\"}","GCLOUD_PROJECT":"coflow-v1","EVENTARC_CLOUD_EVENT_SOURCE":"projects/coflow-v1/locations/us-central1/functions/handleShopifyCheckoutSuccess"},"runtime":"nodejs18","buildId":"48be63b2-eadb-4bdf-9642-cfdd86e1d0fc","buildEnvironmentVariables":{"GOOGLE_NODE_RUN_SCRIPTS":""},"buildName":"projects/67027572033/locations/us-central1/builds/48be63b2-eadb-4bdf-9642-cfdd86e1d0fc","dockerRegistry":"ARTIFACT_REGISTRY"},"versionId":"5","updateTime":"2023-11-01T07:49:48Z","buildId":"77b5a641-3619-4a0b-bf73-b0fa907a7bb7","buildName":"projects/67027572033/locations/us-central1/builds/77b5a641-3619-4a0b-bf73-b0fa907a7bb7"}}
[debug] [2023-11-01T07:49:53.440Z] <<< [apiv2][status] GET https://cloudfunctions.googleapis.com/v2/projects/coflow-v1/locations/us-central1/operations/operation-1698824988319-6091283f6df8e-90294fe2-a217fa81 200
[debug] [2023-11-01T07:49:53.440Z] <<< [apiv2][body] GET https://cloudfunctions.googleapis.com/v2/projects/coflow-v1/locations/us-central1/operations/operation-1698824988319-6091283f6df8e-90294fe2-a217fa81 {"name":"projects/coflow-v1/locations/us-central1/operations/operation-1698824988319-6091283f6df8e-90294fe2-a217fa81","metadata":{"@type":"type.googleapis.com/google.cloud.functions.v2.OperationMetadata","createTime":"2023-11-01T07:49:49.065331803Z","target":"projects/coflow-v1/locations/us-central1/functions/checkRewards","verb":"update","cancelRequested":false,"apiVersion":"v2","requestResource":{"@type":"type.googleapis.com/google.cloud.functions.v2.Function","name":"projects/coflow-v1/locations/us-central1/functions/checkRewards","buildConfig":{"runtime":"nodejs18","entryPoint":"checkRewards","source":{"storageSource":{"bucket":"gcf-v2-sources-67027572033-us-central1","object":"checkRewards/function-source.zip","generation":"1698824989025707"}},"environmentVariables":{"GOOGLE_NODE_RUN_SCRIPTS":""},"sourceProvenance":{"resolvedStorageSource":{"bucket":"gcf-v2-sources-67027572033-us-central1","object":"checkRewards/function-source.zip","generation":"1698824683908934"}},"dockerRegistry":"ARTIFACT_REGISTRY"},"serviceConfig":{"service":"projects/coflow-v1/locations/us-central1/services/checkrewards","timeoutSeconds":60,"environmentVariables":{"API_ACCESS_TOKEN":"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","FIREBASE_CONFIG":"{\"projectId\":\"coflow-v1\",\"databaseURL\":\"https://coflow-v1-default-rtdb.europe-west1.firebasedatabase.app\",\"storageBucket\":\"coflow-v1.appspot.com\"}","GCLOUD_PROJECT":"coflow-v1","EVENTARC_CLOUD_EVENT_SOURCE":"projects/coflow-v1/locations/us-central1/services/checkRewards","FUNCTION_TARGET":"checkRewards"},"maxInstanceCount":100,"ingressSettings":"ALLOW_ALL","uri":"https://checkrewards-apnaugcgma-uc.a.run.app","serviceAccountEmail":"67027572033-compute@developer.gserviceaccount.com","availableMemory":"256Mi","allTrafficOnLatestRevision":true,"revision":"checkrewards-00003-vix","maxInstanceRequestConcurrency":80,"availableCpu":"1"},"state":"ACTIVE","labels":{"deployment-tool":"cli-firebase","deployment-scheduled":"true","firebase-functions-hash":"10bb1f4b1657c48437c2483799ec3dd94408540b"},"environment":"GEN_2","url":"https://us-central1-coflow-v1.cloudfunctions.net/checkRewards"},"stages":[{"name":"BUILD","message":"Build in progress","state":"IN_PROGRESS","resource":"projects/67027572033/locations/us-central1/builds/311ae28b-094c-47aa-9f9e-cb2cc6fa5d04","resourceUri":"https://console.cloud.google.com/cloud-build/builds;region=us-central1/311ae28b-094c-47aa-9f9e-cb2cc6fa5d04?project=67027572033"},{"name":"SERVICE","state":"NOT_STARTED"}]},"done":false}
[debug] [2023-11-01T07:49:54.910Z] [update-default-us-central1-handleShopifyCheckoutSuccess] Retrying task index 0
[debug] [2023-11-01T07:49:54.910Z] >>> [apiv2][query] GET https://cloudfunctions.googleapis.com/v1/operations/Y29mbG93LXYxL3VzLWNlbnRyYWwxL2hhbmRsZVNob3BpZnlDaGVja291dFN1Y2Nlc3MvOVJaeXV6ZFNRdzA [none]
[debug] [2023-11-01T07:49:55.441Z] [update-default-us-central1-checkRewards] Retrying task index 0
[debug] [2023-11-01T07:49:55.441Z] >>> [apiv2][query] GET https://cloudfunctions.googleapis.com/v2/projects/coflow-v1/locations/us-central1/operations/operation-1698824988319-6091283f6df8e-90294fe2-a217fa81 [none]
[debug] [2023-11-01T07:49:55.856Z] <<< [apiv2][status] GET https://cloudfunctions.googleapis.com/v1/operations/Y29mbG93LXYxL3VzLWNlbnRyYWwxL2hhbmRsZVNob3BpZnlDaGVja291dFN1Y2Nlc3MvOVJaeXV6ZFNRdzA 200
[debug] [2023-11-01T07:49:55.856Z] <<< [apiv2][body] GET https://cloudfunctions.googleapis.com/v1/operations/Y29mbG93LXYxL3VzLWNlbnRyYWwxL2hhbmRsZVNob3BpZnlDaGVja291dFN1Y2Nlc3MvOVJaeXV6ZFNRdzA {"name":"operations/Y29mbG93LXYxL3VzLWNlbnRyYWwxL2hhbmRsZVNob3BpZnlDaGVja291dFN1Y2Nlc3MvOVJaeXV6ZFNRdzA","metadata":{"@type":"type.googleapis.com/google.cloud.functions.v1.OperationMetadataV1","target":"projects/coflow-v1/locations/us-central1/functions/handleShopifyCheckoutSuccess","type":"UPDATE_FUNCTION","request":{"@type":"type.googleapis.com/google.cloud.functions.v1.CloudFunction","name":"projects/coflow-v1/locations/us-central1/functions/handleShopifyCheckoutSuccess","httpsTrigger":{"url":"https://us-central1-coflow-v1.cloudfunctions.net/handleShopifyCheckoutSuccess","securityLevel":"SECURE_ALWAYS"},"status":"ACTIVE","entryPoint":"handleShopifyCheckoutSuccess","updateTime":"2023-11-01T07:45:46.531Z","versionId":"4","labels":{"deployment-tool":"cli-firebase","firebase-functions-hash":"253b5ca29f3ec2ccaf70511f8e81f2d63f6cc7a8"},"sourceUploadUrl":"https://storage.googleapis.com/uploads-342308415185.us-central1.cloudfunctions.appspot.com/9d830e03-0b7e-42e0-818c-706cdaed7aee.zip?GoogleAccessId=service-67027572033@gcf-admin-robot.iam.gserviceaccount.com&Expires=1698826785&Signature=R7YfGnfhETxAeqQ7TNwdYE4Iu%2BYmmxjqYmcmFyLpZXXQMqFmDRQV5W2X2YnFBVFDr07Y228D1%2FCsV5Uy7NcGceQeRHjM68baJactUngVuGO3wW93gj8UDBQaaBh%2FC0QJFrTO39hTKlCVgSKIf17ztwuia8T0csAwsmG62F2gYBBsQs%2BN1deXD7Qxp8AC7%2Bto2ng8Q3S3FcjrPcMHSoHsSz%2B%2FgRmfa1IMr8CW86QyAmppOMNQbCsWWyc6a67tHNZtTt10AulCFpCy7Fgzyvi5KDqdPtTW8jSzjireW1Rflb5rPQ74EKryu1oNzHivc6LoyMSm6NuJAcQcc5cPYReSow%3D%3D","environmentVariables":{"API_ACCESS_TOKEN":"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","FIREBASE_CONFIG":"{\"projectId\":\"coflow-v1\",\"databaseURL\":\"https://coflow-v1-default-rtdb.europe-west1.firebasedatabase.app\",\"storageBucket\":\"coflow-v1.appspot.com\"}","GCLOUD_PROJECT":"coflow-v1","EVENTARC_CLOUD_EVENT_SOURCE":"projects/coflow-v1/locations/us-central1/functions/handleShopifyCheckoutSuccess"},"runtime":"nodejs18","buildId":"48be63b2-eadb-4bdf-9642-cfdd86e1d0fc","buildEnvironmentVariables":{"GOOGLE_NODE_RUN_SCRIPTS":""},"buildName":"projects/67027572033/locations/us-central1/builds/48be63b2-eadb-4bdf-9642-cfdd86e1d0fc","dockerRegistry":"ARTIFACT_REGISTRY"},"versionId":"5","updateTime":"2023-11-01T07:49:48Z","buildId":"77b5a641-3619-4a0b-bf73-b0fa907a7bb7","buildName":"projects/67027572033/locations/us-central1/builds/77b5a641-3619-4a0b-bf73-b0fa907a7bb7"}}
[debug] [2023-11-01T07:49:56.393Z] <<< [apiv2][status] GET https://cloudfunctions.googleapis.com/v2/projects/coflow-v1/locations/us-central1/operations/operation-1698824988319-6091283f6df8e-90294fe2-a217fa81 200
[debug] [2023-11-01T07:49:56.394Z] <<< [apiv2][body] GET https://cloudfunctions.googleapis.com/v2/projects/coflow-v1/locations/us-central1/operations/operation-1698824988319-6091283f6df8e-90294fe2-a217fa81 {"name":"projects/coflow-v1/locations/us-central1/operations/operation-1698824988319-6091283f6df8e-90294fe2-a217fa81","metadata":{"@type":"type.googleapis.com/google.cloud.functions.v2.OperationMetadata","createTime":"2023-11-01T07:49:49.065331803Z","target":"projects/coflow-v1/locations/us-central1/functions/checkRewards","verb":"update","cancelRequested":false,"apiVersion":"v2","requestResource":{"@type":"type.googleapis.com/google.cloud.functions.v2.Function","name":"projects/coflow-v1/locations/us-central1/functions/checkRewards","buildConfig":{"runtime":"nodejs18","entryPoint":"checkRewards","source":{"storageSource":{"bucket":"gcf-v2-sources-67027572033-us-central1","object":"checkRewards/function-source.zip","generation":"1698824989025707"}},"environmentVariables":{"GOOGLE_NODE_RUN_SCRIPTS":""},"sourceProvenance":{"resolvedStorageSource":{"bucket":"gcf-v2-sources-67027572033-us-central1","object":"checkRewards/function-source.zip","generation":"1698824683908934"}},"dockerRegistry":"ARTIFACT_REGISTRY"},"serviceConfig":{"service":"projects/coflow-v1/locations/us-central1/services/checkrewards","timeoutSeconds":60,"environmentVariables":{"API_ACCESS_TOKEN":"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","FIREBASE_CONFIG":"{\"projectId\":\"coflow-v1\",\"databaseURL\":\"https://coflow-v1-default-rtdb.europe-west1.firebasedatabase.app\",\"storageBucket\":\"coflow-v1.appspot.com\"}","GCLOUD_PROJECT":"coflow-v1","EVENTARC_CLOUD_EVENT_SOURCE":"projects/coflow-v1/locations/us-central1/services/checkRewards","FUNCTION_TARGET":"checkRewards"},"maxInstanceCount":100,"ingressSettings":"ALLOW_ALL","uri":"https://checkrewards-apnaugcgma-uc.a.run.app","serviceAccountEmail":"67027572033-compute@developer.gserviceaccount.com","availableMemory":"256Mi","allTrafficOnLatestRevision":true,"revision":"checkrewards-00003-vix","maxInstanceRequestConcurrency":80,"availableCpu":"1"},"state":"ACTIVE","labels":{"deployment-tool":"cli-firebase","deployment-scheduled":"true","firebase-functions-hash":"10bb1f4b1657c48437c2483799ec3dd94408540b"},"environment":"GEN_2","url":"https://us-central1-coflow-v1.cloudfunctions.net/checkRewards"},"stages":[{"name":"BUILD","message":"Build in progress","state":"IN_PROGRESS","resource":"projects/67027572033/locations/us-central1/builds/311ae28b-094c-47aa-9f9e-cb2cc6fa5d04","resourceUri":"https://console.cloud.google.com/cloud-build/builds;region=us-central1/311ae28b-094c-47aa-9f9e-cb2cc6fa5d04?project=67027572033"},{"name":"SERVICE","state":"NOT_STARTED"}]},"done":false}
[debug] [2023-11-01T07:49:59.856Z] [update-default-us-central1-handleShopifyCheckoutSuccess] Retrying task index 0
[debug] [2023-11-01T07:49:59.856Z] >>> [apiv2][query] GET https://cloudfunctions.googleapis.com/v1/operations/Y29mbG93LXYxL3VzLWNlbnRyYWwxL2hhbmRsZVNob3BpZnlDaGVja291dFN1Y2Nlc3MvOVJaeXV6ZFNRdzA [none]
[debug] [2023-11-01T07:50:00.395Z] [update-default-us-central1-checkRewards] Retrying task index 0
[debug] [2023-11-01T07:50:00.396Z] >>> [apiv2][query] GET https://cloudfunctions.googleapis.com/v2/projects/coflow-v1/locations/us-central1/operations/operation-1698824988319-6091283f6df8e-90294fe2-a217fa81 [none]
[debug] [2023-11-01T07:50:00.780Z] <<< [apiv2][status] GET https://cloudfunctions.googleapis.com/v1/operations/Y29mbG93LXYxL3VzLWNlbnRyYWwxL2hhbmRsZVNob3BpZnlDaGVja291dFN1Y2Nlc3MvOVJaeXV6ZFNRdzA 200
[debug] [2023-11-01T07:50:00.780Z] <<< [apiv2][body] GET https://cloudfunctions.googleapis.com/v1/operations/Y29mbG93LXYxL3VzLWNlbnRyYWwxL2hhbmRsZVNob3BpZnlDaGVja291dFN1Y2Nlc3MvOVJaeXV6ZFNRdzA {"name":"operations/Y29mbG93LXYxL3VzLWNlbnRyYWwxL2hhbmRsZVNob3BpZnlDaGVja291dFN1Y2Nlc3MvOVJaeXV6ZFNRdzA","metadata":{"@type":"type.googleapis.com/google.cloud.functions.v1.OperationMetadataV1","target":"projects/coflow-v1/locations/us-central1/functions/handleShopifyCheckoutSuccess","type":"UPDATE_FUNCTION","request":{"@type":"type.googleapis.com/google.cloud.functions.v1.CloudFunction","name":"projects/coflow-v1/locations/us-central1/functions/handleShopifyCheckoutSuccess","httpsTrigger":{"url":"https://us-central1-coflow-v1.cloudfunctions.net/handleShopifyCheckoutSuccess","securityLevel":"SECURE_ALWAYS"},"status":"ACTIVE","entryPoint":"handleShopifyCheckoutSuccess","updateTime":"2023-11-01T07:45:46.531Z","versionId":"4","labels":{"deployment-tool":"cli-firebase","firebase-functions-hash":"253b5ca29f3ec2ccaf70511f8e81f2d63f6cc7a8"},"sourceUploadUrl":"https://storage.googleapis.com/uploads-342308415185.us-central1.cloudfunctions.appspot.com/9d830e03-0b7e-42e0-818c-706cdaed7aee.zip?GoogleAccessId=service-67027572033@gcf-admin-robot.iam.gserviceaccount.com&Expires=1698826785&Signature=R7YfGnfhETxAeqQ7TNwdYE4Iu%2BYmmxjqYmcmFyLpZXXQMqFmDRQV5W2X2YnFBVFDr07Y228D1%2FCsV5Uy7NcGceQeRHjM68baJactUngVuGO3wW93gj8UDBQaaBh%2FC0QJFrTO39hTKlCVgSKIf17ztwuia8T0csAwsmG62F2gYBBsQs%2BN1deXD7Qxp8AC7%2Bto2ng8Q3S3FcjrPcMHSoHsSz%2B%2FgRmfa1IMr8CW86QyAmppOMNQbCsWWyc6a67tHNZtTt10AulCFpCy7Fgzyvi5KDqdPtTW8jSzjireW1Rflb5rPQ74EKryu1oNzHivc6LoyMSm6NuJAcQcc5cPYReSow%3D%3D","environmentVariables":{"API_ACCESS_TOKEN":"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","FIREBASE_CONFIG":"{\"projectId\":\"coflow-v1\",\"databaseURL\":\"https://coflow-v1-default-rtdb.europe-west1.firebasedatabase.app\",\"storageBucket\":\"coflow-v1.appspot.com\"}","GCLOUD_PROJECT":"coflow-v1","EVENTARC_CLOUD_EVENT_SOURCE":"projects/coflow-v1/locations/us-central1/functions/handleShopifyCheckoutSuccess"},"runtime":"nodejs18","buildId":"48be63b2-eadb-4bdf-9642-cfdd86e1d0fc","buildEnvironmentVariables":{"GOOGLE_NODE_RUN_SCRIPTS":""},"buildName":"projects/67027572033/locations/us-central1/builds/48be63b2-eadb-4bdf-9642-cfdd86e1d0fc","dockerRegistry":"ARTIFACT_REGISTRY"},"versionId":"5","updateTime":"2023-11-01T07:49:48Z","buildId":"77b5a641-3619-4a0b-bf73-b0fa907a7bb7","buildName":"projects/67027572033/locations/us-central1/builds/77b5a641-3619-4a0b-bf73-b0fa907a7bb7"}}
[debug] [2023-11-01T07:50:01.368Z] <<< [apiv2][status] GET https://cloudfunctions.googleapis.com/v2/projects/coflow-v1/locations/us-central1/operations/operation-1698824988319-6091283f6df8e-90294fe2-a217fa81 200
[debug] [2023-11-01T07:50:01.368Z] <<< [apiv2][body] GET https://cloudfunctions.googleapis.com/v2/projects/coflow-v1/locations/us-central1/operations/operation-1698824988319-6091283f6df8e-90294fe2-a217fa81 {"name":"projects/coflow-v1/locations/us-central1/operations/operation-1698824988319-6091283f6df8e-90294fe2-a217fa81","metadata":{"@type":"type.googleapis.com/google.cloud.functions.v2.OperationMetadata","createTime":"2023-11-01T07:49:49.065331803Z","target":"projects/coflow-v1/locations/us-central1/functions/checkRewards","verb":"update","cancelRequested":false,"apiVersion":"v2","requestResource":{"@type":"type.googleapis.com/google.cloud.functions.v2.Function","name":"projects/coflow-v1/locations/us-central1/functions/checkRewards","buildConfig":{"runtime":"nodejs18","entryPoint":"checkRewards","source":{"storageSource":{"bucket":"gcf-v2-sources-67027572033-us-central1","object":"checkRewards/function-source.zip","generation":"1698824989025707"}},"environmentVariables":{"GOOGLE_NODE_RUN_SCRIPTS":""},"sourceProvenance":{"resolvedStorageSource":{"bucket":"gcf-v2-sources-67027572033-us-central1","object":"checkRewards/function-source.zip","generation":"1698824683908934"}},"dockerRegistry":"ARTIFACT_REGISTRY"},"serviceConfig":{"service":"projects/coflow-v1/locations/us-central1/services/checkrewards","timeoutSeconds":60,"environmentVariables":{"API_ACCESS_TOKEN":"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","FIREBASE_CONFIG":"{\"projectId\":\"coflow-v1\",\"databaseURL\":\"https://coflow-v1-default-rtdb.europe-west1.firebasedatabase.app\",\"storageBucket\":\"coflow-v1.appspot.com\"}","GCLOUD_PROJECT":"coflow-v1","EVENTARC_CLOUD_EVENT_SOURCE":"projects/coflow-v1/locations/us-central1/services/checkRewards","FUNCTION_TARGET":"checkRewards"},"maxInstanceCount":100,"ingressSettings":"ALLOW_ALL","uri":"https://checkrewards-apnaugcgma-uc.a.run.app","serviceAccountEmail":"67027572033-compute@developer.gserviceaccount.com","availableMemory":"256Mi","allTrafficOnLatestRevision":true,"revision":"checkrewards-00003-vix","maxInstanceRequestConcurrency":80,"availableCpu":"1"},"state":"ACTIVE","labels":{"deployment-tool":"cli-firebase","deployment-scheduled":"true","firebase-functions-hash":"10bb1f4b1657c48437c2483799ec3dd94408540b"},"environment":"GEN_2","url":"https://us-central1-coflow-v1.cloudfunctions.net/checkRewards"},"stages":[{"name":"BUILD","message":"Build in progress","state":"IN_PROGRESS","resource":"projects/67027572033/locations/us-central1/builds/311ae28b-094c-47aa-9f9e-cb2cc6fa5d04","resourceUri":"https://console.cloud.google.com/cloud-build/builds;region=us-central1/311ae28b-094c-47aa-9f9e-cb2cc6fa5d04?project=67027572033"},{"name":"SERVICE","state":"NOT_STARTED"}]},"done":false}
[debug] [2023-11-01T07:50:08.780Z] [update-default-us-central1-handleShopifyCheckoutSuccess] Retrying task index 0
[debug] [2023-11-01T07:50:08.780Z] >>> [apiv2][query] GET https://cloudfunctions.googleapis.com/v1/operations/Y29mbG93LXYxL3VzLWNlbnRyYWwxL2hhbmRsZVNob3BpZnlDaGVja291dFN1Y2Nlc3MvOVJaeXV6ZFNRdzA [none]
[debug] [2023-11-01T07:50:09.368Z] [update-default-us-central1-checkRewards] Retrying task index 0
[debug] [2023-11-01T07:50:09.368Z] >>> [apiv2][query] GET https://cloudfunctions.googleapis.com/v2/projects/coflow-v1/locations/us-central1/operations/operation-1698824988319-6091283f6df8e-90294fe2-a217fa81 [none]
[debug] [2023-11-01T07:50:09.817Z] <<< [apiv2][status] GET https://cloudfunctions.googleapis.com/v1/operations/Y29mbG93LXYxL3VzLWNlbnRyYWwxL2hhbmRsZVNob3BpZnlDaGVja291dFN1Y2Nlc3MvOVJaeXV6ZFNRdzA 200
[debug] [2023-11-01T07:50:09.817Z] <<< [apiv2][body] GET https://cloudfunctions.googleapis.com/v1/operations/Y29mbG93LXYxL3VzLWNlbnRyYWwxL2hhbmRsZVNob3BpZnlDaGVja291dFN1Y2Nlc3MvOVJaeXV6ZFNRdzA {"name":"operations/Y29mbG93LXYxL3VzLWNlbnRyYWwxL2hhbmRsZVNob3BpZnlDaGVja291dFN1Y2Nlc3MvOVJaeXV6ZFNRdzA","metadata":{"@type":"type.googleapis.com/google.cloud.functions.v1.OperationMetadataV1","target":"projects/coflow-v1/locations/us-central1/functions/handleShopifyCheckoutSuccess","type":"UPDATE_FUNCTION","request":{"@type":"type.googleapis.com/google.cloud.functions.v1.CloudFunction","name":"projects/coflow-v1/locations/us-central1/functions/handleShopifyCheckoutSuccess","httpsTrigger":{"url":"https://us-central1-coflow-v1.cloudfunctions.net/handleShopifyCheckoutSuccess","securityLevel":"SECURE_ALWAYS"},"status":"ACTIVE","entryPoint":"handleShopifyCheckoutSuccess","updateTime":"2023-11-01T07:45:46.531Z","versionId":"4","labels":{"deployment-tool":"cli-firebase","firebase-functions-hash":"253b5ca29f3ec2ccaf70511f8e81f2d63f6cc7a8"},"sourceUploadUrl":"https://storage.googleapis.com/uploads-342308415185.us-central1.cloudfunctions.appspot.com/9d830e03-0b7e-42e0-818c-706cdaed7aee.zip?GoogleAccessId=service-67027572033@gcf-admin-robot.iam.gserviceaccount.com&Expires=1698826785&Signature=R7YfGnfhETxAeqQ7TNwdYE4Iu%2BYmmxjqYmcmFyLpZXXQMqFmDRQV5W2X2YnFBVFDr07Y228D1%2FCsV5Uy7NcGceQeRHjM68baJactUngVuGO3wW93gj8UDBQaaBh%2FC0QJFrTO39hTKlCVgSKIf17ztwuia8T0csAwsmG62F2gYBBsQs%2BN1deXD7Qxp8AC7%2Bto2ng8Q3S3FcjrPcMHSoHsSz%2B%2FgRmfa1IMr8CW86QyAmppOMNQbCsWWyc6a67tHNZtTt10AulCFpCy7Fgzyvi5KDqdPtTW8jSzjireW1Rflb5rPQ74EKryu1oNzHivc6LoyMSm6NuJAcQcc5cPYReSow%3D%3D","environmentVariables":{"API_ACCESS_TOKEN":"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","FIREBASE_CONFIG":"{\"projectId\":\"coflow-v1\",\"databaseURL\":\"https://coflow-v1-default-rtdb.europe-west1.firebasedatabase.app\",\"storageBucket\":\"coflow-v1.appspot.com\"}","GCLOUD_PROJECT":"coflow-v1","EVENTARC_CLOUD_EVENT_SOURCE":"projects/coflow-v1/locations/us-central1/functions/handleShopifyCheckoutSuccess"},"runtime":"nodejs18","buildId":"48be63b2-eadb-4bdf-9642-cfdd86e1d0fc","buildEnvironmentVariables":{"GOOGLE_NODE_RUN_SCRIPTS":""},"buildName":"projects/67027572033/locations/us-central1/builds/48be63b2-eadb-4bdf-9642-cfdd86e1d0fc","dockerRegistry":"ARTIFACT_REGISTRY"},"versionId":"5","updateTime":"2023-11-01T07:49:48Z","buildId":"77b5a641-3619-4a0b-bf73-b0fa907a7bb7","buildName":"projects/67027572033/locations/us-central1/builds/77b5a641-3619-4a0b-bf73-b0fa907a7bb7"}}
[debug] [2023-11-01T07:50:10.921Z] <<< [apiv2][status] GET https://cloudfunctions.googleapis.com/v2/projects/coflow-v1/locations/us-central1/operations/operation-1698824988319-6091283f6df8e-90294fe2-a217fa81 200
[debug] [2023-11-01T07:50:10.921Z] <<< [apiv2][body] GET https://cloudfunctions.googleapis.com/v2/projects/coflow-v1/locations/us-central1/operations/operation-1698824988319-6091283f6df8e-90294fe2-a217fa81 {"name":"projects/coflow-v1/locations/us-central1/operations/operation-1698824988319-6091283f6df8e-90294fe2-a217fa81","metadata":{"@type":"type.googleapis.com/google.cloud.functions.v2.OperationMetadata","createTime":"2023-11-01T07:49:49.065331803Z","target":"projects/coflow-v1/locations/us-central1/functions/checkRewards","verb":"update","cancelRequested":false,"apiVersion":"v2","requestResource":{"@type":"type.googleapis.com/google.cloud.functions.v2.Function","name":"projects/coflow-v1/locations/us-central1/functions/checkRewards","buildConfig":{"runtime":"nodejs18","entryPoint":"checkRewards","source":{"storageSource":{"bucket":"gcf-v2-sources-67027572033-us-central1","object":"checkRewards/function-source.zip","generation":"1698824989025707"}},"environmentVariables":{"GOOGLE_NODE_RUN_SCRIPTS":""},"sourceProvenance":{"resolvedStorageSource":{"bucket":"gcf-v2-sources-67027572033-us-central1","object":"checkRewards/function-source.zip","generation":"1698824683908934"}},"dockerRegistry":"ARTIFACT_REGISTRY"},"serviceConfig":{"service":"projects/coflow-v1/locations/us-central1/services/checkrewards","timeoutSeconds":60,"environmentVariables":{"API_ACCESS_TOKEN":"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","FIREBASE_CONFIG":"{\"projectId\":\"coflow-v1\",\"databaseURL\":\"https://coflow-v1-default-rtdb.europe-west1.firebasedatabase.app\",\"storageBucket\":\"coflow-v1.appspot.com\"}","GCLOUD_PROJECT":"coflow-v1","EVENTARC_CLOUD_EVENT_SOURCE":"projects/coflow-v1/locations/us-central1/services/checkRewards","FUNCTION_TARGET":"checkRewards"},"maxInstanceCount":100,"ingressSettings":"ALLOW_ALL","uri":"https://checkrewards-apnaugcgma-uc.a.run.app","serviceAccountEmail":"67027572033-compute@developer.gserviceaccount.com","availableMemory":"256Mi","allTrafficOnLatestRevision":true,"revision":"checkrewards-00003-vix","maxInstanceRequestConcurrency":80,"availableCpu":"1"},"state":"ACTIVE","labels":{"deployment-tool":"cli-firebase","deployment-scheduled":"true","firebase-functions-hash":"10bb1f4b1657c48437c2483799ec3dd94408540b"},"environment":"GEN_2","url":"https://us-central1-coflow-v1.cloudfunctions.net/checkRewards"},"stages":[{"name":"BUILD","message":"Build in progress","state":"IN_PROGRESS","resource":"projects/67027572033/locations/us-central1/builds/311ae28b-094c-47aa-9f9e-cb2cc6fa5d04","resourceUri":"https://console.cloud.google.com/cloud-build/builds;region=us-central1/311ae28b-094c-47aa-9f9e-cb2cc6fa5d04?project=67027572033"},{"name":"SERVICE","state":"NOT_STARTED"}]},"done":false}
[debug] [2023-11-01T07:50:19.818Z] [update-default-us-central1-handleShopifyCheckoutSuccess] Retrying task index 0
[debug] [2023-11-01T07:50:19.818Z] >>> [apiv2][query] GET https://cloudfunctions.googleapis.com/v1/operations/Y29mbG93LXYxL3VzLWNlbnRyYWwxL2hhbmRsZVNob3BpZnlDaGVja291dFN1Y2Nlc3MvOVJaeXV6ZFNRdzA [none]
[debug] [2023-11-01T07:50:20.743Z] <<< [apiv2][status] GET https://cloudfunctions.googleapis.com/v1/operations/Y29mbG93LXYxL3VzLWNlbnRyYWwxL2hhbmRsZVNob3BpZnlDaGVja291dFN1Y2Nlc3MvOVJaeXV6ZFNRdzA 200
[debug] [2023-11-01T07:50:20.743Z] <<< [apiv2][body] GET https://cloudfunctions.googleapis.com/v1/operations/Y29mbG93LXYxL3VzLWNlbnRyYWwxL2hhbmRsZVNob3BpZnlDaGVja291dFN1Y2Nlc3MvOVJaeXV6ZFNRdzA {"name":"operations/Y29mbG93LXYxL3VzLWNlbnRyYWwxL2hhbmRsZVNob3BpZnlDaGVja291dFN1Y2Nlc3MvOVJaeXV6ZFNRdzA","metadata":{"@type":"type.googleapis.com/google.cloud.functions.v1.OperationMetadataV1","target":"projects/coflow-v1/locations/us-central1/functions/handleShopifyCheckoutSuccess","type":"UPDATE_FUNCTION","request":{"@type":"type.googleapis.com/google.cloud.functions.v1.CloudFunction","name":"projects/coflow-v1/locations/us-central1/functions/handleShopifyCheckoutSuccess","httpsTrigger":{"url":"https://us-central1-coflow-v1.cloudfunctions.net/handleShopifyCheckoutSuccess","securityLevel":"SECURE_ALWAYS"},"status":"ACTIVE","entryPoint":"handleShopifyCheckoutSuccess","updateTime":"2023-11-01T07:45:46.531Z","versionId":"4","labels":{"deployment-tool":"cli-firebase","firebase-functions-hash":"253b5ca29f3ec2ccaf70511f8e81f2d63f6cc7a8"},"sourceUploadUrl":"https://storage.googleapis.com/uploads-342308415185.us-central1.cloudfunctions.appspot.com/9d830e03-0b7e-42e0-818c-706cdaed7aee.zip?GoogleAccessId=service-67027572033@gcf-admin-robot.iam.gserviceaccount.com&Expires=1698826785&Signature=R7YfGnfhETxAeqQ7TNwdYE4Iu%2BYmmxjqYmcmFyLpZXXQMqFmDRQV5W2X2YnFBVFDr07Y228D1%2FCsV5Uy7NcGceQeRHjM68baJactUngVuGO3wW93gj8UDBQaaBh%2FC0QJFrTO39hTKlCVgSKIf17ztwuia8T0csAwsmG62F2gYBBsQs%2BN1deXD7Qxp8AC7%2Bto2ng8Q3S3FcjrPcMHSoHsSz%2B%2FgRmfa1IMr8CW86QyAmppOMNQbCsWWyc6a67tHNZtTt10AulCFpCy7Fgzyvi5KDqdPtTW8jSzjireW1Rflb5rPQ74EKryu1oNzHivc6LoyMSm6NuJAcQcc5cPYReSow%3D%3D","environmentVariables":{"API_ACCESS_TOKEN":"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","FIREBASE_CONFIG":"{\"projectId\":\"coflow-v1\",\"databaseURL\":\"https://coflow-v1-default-rtdb.europe-west1.firebasedatabase.app\",\"storageBucket\":\"coflow-v1.appspot.com\"}","GCLOUD_PROJECT":"coflow-v1","EVENTARC_CLOUD_EVENT_SOURCE":"projects/coflow-v1/locations/us-central1/functions/handleShopifyCheckoutSuccess"},"runtime":"nodejs18","buildId":"48be63b2-eadb-4bdf-9642-cfdd86e1d0fc","buildEnvironmentVariables":{"GOOGLE_NODE_RUN_SCRIPTS":""},"buildName":"projects/67027572033/locations/us-central1/builds/48be63b2-eadb-4bdf-9642-cfdd86e1d0fc","dockerRegistry":"ARTIFACT_REGISTRY"},"versionId":"5","updateTime":"2023-11-01T07:49:48Z","buildId":"77b5a641-3619-4a0b-bf73-b0fa907a7bb7","buildName":"projects/67027572033/locations/us-central1/builds/77b5a641-3619-4a0b-bf73-b0fa907a7bb7"}}
[debug] [2023-11-01T07:50:20.922Z] [update-default-us-central1-checkRewards] Retrying task index 0
[debug] [2023-11-01T07:50:20.922Z] >>> [apiv2][query] GET https://cloudfunctions.googleapis.com/v2/projects/coflow-v1/locations/us-central1/operations/operation-1698824988319-6091283f6df8e-90294fe2-a217fa81 [none]
[debug] [2023-11-01T07:50:21.873Z] <<< [apiv2][status] GET https://cloudfunctions.googleapis.com/v2/projects/coflow-v1/locations/us-central1/operations/operation-1698824988319-6091283f6df8e-90294fe2-a217fa81 200
[debug] [2023-11-01T07:50:21.873Z] <<< [apiv2][body] GET https://cloudfunctions.googleapis.com/v2/projects/coflow-v1/locations/us-central1/operations/operation-1698824988319-6091283f6df8e-90294fe2-a217fa81 {"name":"projects/coflow-v1/locations/us-central1/operations/operation-1698824988319-6091283f6df8e-90294fe2-a217fa81","metadata":{"@type":"type.googleapis.com/google.cloud.functions.v2.OperationMetadata","createTime":"2023-11-01T07:49:49.065331803Z","target":"projects/coflow-v1/locations/us-central1/functions/checkRewards","verb":"update","cancelRequested":false,"apiVersion":"v2","requestResource":{"@type":"type.googleapis.com/google.cloud.functions.v2.Function","name":"projects/coflow-v1/locations/us-central1/functions/checkRewards","buildConfig":{"runtime":"nodejs18","entryPoint":"checkRewards","source":{"storageSource":{"bucket":"gcf-v2-sources-67027572033-us-central1","object":"checkRewards/function-source.zip","generation":"1698824989025707"}},"environmentVariables":{"GOOGLE_NODE_RUN_SCRIPTS":""},"sourceProvenance":{"resolvedStorageSource":{"bucket":"gcf-v2-sources-67027572033-us-central1","object":"checkRewards/function-source.zip","generation":"1698824683908934"}},"dockerRegistry":"ARTIFACT_REGISTRY"},"serviceConfig":{"service":"projects/coflow-v1/locations/us-central1/services/checkrewards","timeoutSeconds":60,"environmentVariables":{"API_ACCESS_TOKEN":"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","FIREBASE_CONFIG":"{\"projectId\":\"coflow-v1\",\"databaseURL\":\"https://coflow-v1-default-rtdb.europe-west1.firebasedatabase.app\",\"storageBucket\":\"coflow-v1.appspot.com\"}","GCLOUD_PROJECT":"coflow-v1","EVENTARC_CLOUD_EVENT_SOURCE":"projects/coflow-v1/locations/us-central1/services/checkRewards","FUNCTION_TARGET":"checkRewards"},"maxInstanceCount":100,"ingressSettings":"ALLOW_ALL","uri":"https://checkrewards-apnaugcgma-uc.a.run.app","serviceAccountEmail":"67027572033-compute@developer.gserviceaccount.com","availableMemory":"256Mi","allTrafficOnLatestRevision":true,"revision":"checkrewards-00003-vix","maxInstanceRequestConcurrency":80,"availableCpu":"1"},"state":"ACTIVE","labels":{"deployment-tool":"cli-firebase","deployment-scheduled":"true","firebase-functions-hash":"10bb1f4b1657c48437c2483799ec3dd94408540b"},"environment":"GEN_2","url":"https://us-central1-coflow-v1.cloudfunctions.net/checkRewards"},"stages":[{"name":"BUILD","message":"Build in progress","state":"IN_PROGRESS","resource":"projects/67027572033/locations/us-central1/builds/311ae28b-094c-47aa-9f9e-cb2cc6fa5d04","resourceUri":"https://console.cloud.google.com/cloud-build/builds;region=us-central1/311ae28b-094c-47aa-9f9e-cb2cc6fa5d04?project=67027572033"},{"name":"SERVICE","state":"NOT_STARTED"}]},"done":false}
[debug] [2023-11-01T07:50:30.744Z] [update-default-us-central1-handleShopifyCheckoutSuccess] Retrying task index 0
[debug] [2023-11-01T07:50:30.744Z] >>> [apiv2][query] GET https://cloudfunctions.googleapis.com/v1/operations/Y29mbG93LXYxL3VzLWNlbnRyYWwxL2hhbmRsZVNob3BpZnlDaGVja291dFN1Y2Nlc3MvOVJaeXV6ZFNRdzA [none]
[debug] [2023-11-01T07:50:31.728Z] <<< [apiv2][status] GET https://cloudfunctions.googleapis.com/v1/operations/Y29mbG93LXYxL3VzLWNlbnRyYWwxL2hhbmRsZVNob3BpZnlDaGVja291dFN1Y2Nlc3MvOVJaeXV6ZFNRdzA 200
[debug] [2023-11-01T07:50:31.728Z] <<< [apiv2][body] GET https://cloudfunctions.googleapis.com/v1/operations/Y29mbG93LXYxL3VzLWNlbnRyYWwxL2hhbmRsZVNob3BpZnlDaGVja291dFN1Y2Nlc3MvOVJaeXV6ZFNRdzA {"name":"operations/Y29mbG93LXYxL3VzLWNlbnRyYWwxL2hhbmRsZVNob3BpZnlDaGVja291dFN1Y2Nlc3MvOVJaeXV6ZFNRdzA","metadata":{"@type":"type.googleapis.com/google.cloud.functions.v1.OperationMetadataV1","target":"projects/coflow-v1/locations/us-central1/functions/handleShopifyCheckoutSuccess","type":"UPDATE_FUNCTION","request":{"@type":"type.googleapis.com/google.cloud.functions.v1.CloudFunction","name":"projects/coflow-v1/locations/us-central1/functions/handleShopifyCheckoutSuccess","httpsTrigger":{"url":"https://us-central1-coflow-v1.cloudfunctions.net/handleShopifyCheckoutSuccess","securityLevel":"SECURE_ALWAYS"},"status":"ACTIVE","entryPoint":"handleShopifyCheckoutSuccess","updateTime":"2023-11-01T07:45:46.531Z","versionId":"4","labels":{"deployment-tool":"cli-firebase","firebase-functions-hash":"253b5ca29f3ec2ccaf70511f8e81f2d63f6cc7a8"},"sourceUploadUrl":"https://storage.googleapis.com/uploads-342308415185.us-central1.cloudfunctions.appspot.com/9d830e03-0b7e-42e0-818c-706cdaed7aee.zip?GoogleAccessId=service-67027572033@gcf-admin-robot.iam.gserviceaccount.com&Expires=1698826785&Signature=R7YfGnfhETxAeqQ7TNwdYE4Iu%2BYmmxjqYmcmFyLpZXXQMqFmDRQV5W2X2YnFBVFDr07Y228D1%2FCsV5Uy7NcGceQeRHjM68baJactUngVuGO3wW93gj8UDBQaaBh%2FC0QJFrTO39hTKlCVgSKIf17ztwuia8T0csAwsmG62F2gYBBsQs%2BN1deXD7Qxp8AC7%2Bto2ng8Q3S3FcjrPcMHSoHsSz%2B%2FgRmfa1IMr8CW86QyAmppOMNQbCsWWyc6a67tHNZtTt10AulCFpCy7Fgzyvi5KDqdPtTW8jSzjireW1Rflb5rPQ74EKryu1oNzHivc6LoyMSm6NuJAcQcc5cPYReSow%3D%3D","environmentVariables":{"API_ACCESS_TOKEN":"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","FIREBASE_CONFIG":"{\"projectId\":\"coflow-v1\",\"databaseURL\":\"https://coflow-v1-default-rtdb.europe-west1.firebasedatabase.app\",\"storageBucket\":\"coflow-v1.appspot.com\"}","GCLOUD_PROJECT":"coflow-v1","EVENTARC_CLOUD_EVENT_SOURCE":"projects/coflow-v1/locations/us-central1/functions/handleShopifyCheckoutSuccess"},"runtime":"nodejs18","buildId":"48be63b2-eadb-4bdf-9642-cfdd86e1d0fc","buildEnvironmentVariables":{"GOOGLE_NODE_RUN_SCRIPTS":""},"buildName":"projects/67027572033/locations/us-central1/builds/48be63b2-eadb-4bdf-9642-cfdd86e1d0fc","dockerRegistry":"ARTIFACT_REGISTRY"},"versionId":"5","updateTime":"2023-11-01T07:49:48Z","buildId":"77b5a641-3619-4a0b-bf73-b0fa907a7bb7","buildName":"projects/67027572033/locations/us-central1/builds/77b5a641-3619-4a0b-bf73-b0fa907a7bb7"}}
[debug] [2023-11-01T07:50:31.875Z] [update-default-us-central1-checkRewards] Retrying task index 0
[debug] [2023-11-01T07:50:31.875Z] >>> [apiv2][query] GET https://cloudfunctions.googleapis.com/v2/projects/coflow-v1/locations/us-central1/operations/operation-1698824988319-6091283f6df8e-90294fe2-a217fa81 [none]
[debug] [2023-11-01T07:50:32.809Z] <<< [apiv2][status] GET https://cloudfunctions.googleapis.com/v2/projects/coflow-v1/locations/us-central1/operations/operation-1698824988319-6091283f6df8e-90294fe2-a217fa81 200
[debug] [2023-11-01T07:50:32.809Z] <<< [apiv2][body] GET https://cloudfunctions.googleapis.com/v2/projects/coflow-v1/locations/us-central1/operations/operation-1698824988319-6091283f6df8e-90294fe2-a217fa81 {"name":"projects/coflow-v1/locations/us-central1/operations/operation-1698824988319-6091283f6df8e-90294fe2-a217fa81","metadata":{"@type":"type.googleapis.com/google.cloud.functions.v2.OperationMetadata","createTime":"2023-11-01T07:49:49.065331803Z","target":"projects/coflow-v1/locations/us-central1/functions/checkRewards","verb":"update","cancelRequested":false,"apiVersion":"v2","requestResource":{"@type":"type.googleapis.com/google.cloud.functions.v2.Function","name":"projects/coflow-v1/locations/us-central1/functions/checkRewards","buildConfig":{"runtime":"nodejs18","entryPoint":"checkRewards","source":{"storageSource":{"bucket":"gcf-v2-sources-67027572033-us-central1","object":"checkRewards/function-source.zip","generation":"1698824989025707"}},"environmentVariables":{"GOOGLE_NODE_RUN_SCRIPTS":""},"sourceProvenance":{"resolvedStorageSource":{"bucket":"gcf-v2-sources-67027572033-us-central1","object":"checkRewards/function-source.zip","generation":"1698824683908934"}},"dockerRegistry":"ARTIFACT_REGISTRY"},"serviceConfig":{"service":"projects/coflow-v1/locations/us-central1/services/checkrewards","timeoutSeconds":60,"environmentVariables":{"API_ACCESS_TOKEN":"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","FIREBASE_CONFIG":"{\"projectId\":\"coflow-v1\",\"databaseURL\":\"https://coflow-v1-default-rtdb.europe-west1.firebasedatabase.app\",\"storageBucket\":\"coflow-v1.appspot.com\"}","GCLOUD_PROJECT":"coflow-v1","EVENTARC_CLOUD_EVENT_SOURCE":"projects/coflow-v1/locations/us-central1/services/checkRewards","FUNCTION_TARGET":"checkRewards"},"maxInstanceCount":100,"ingressSettings":"ALLOW_ALL","uri":"https://checkrewards-apnaugcgma-uc.a.run.app","serviceAccountEmail":"67027572033-compute@developer.gserviceaccount.com","availableMemory":"256Mi","allTrafficOnLatestRevision":true,"revision":"checkrewards-00003-vix","maxInstanceRequestConcurrency":80,"availableCpu":"1"},"state":"ACTIVE","labels":{"deployment-tool":"cli-firebase","deployment-scheduled":"true","firebase-functions-hash":"10bb1f4b1657c48437c2483799ec3dd94408540b"},"environment":"GEN_2","url":"https://us-central1-coflow-v1.cloudfunctions.net/checkRewards"},"stages":[{"name":"BUILD","message":"Build in progress","state":"IN_PROGRESS","resource":"projects/67027572033/locations/us-central1/builds/311ae28b-094c-47aa-9f9e-cb2cc6fa5d04","resourceUri":"https://console.cloud.google.com/cloud-build/builds;region=us-central1/311ae28b-094c-47aa-9f9e-cb2cc6fa5d04?project=67027572033"},{"name":"SERVICE","state":"NOT_STARTED"}]},"done":false}
